2021-02-22T17:17:51.160Z [AUDIT] Token created by 'anonymous': tokenId='24bd9fd3-61ab-4e0f-b2ca-c3c4142630d5', issuer='jfrou@01ez5by93gf0scb2nqsd48azve', subject='jfrou@01ez5by93gf0scb2nqsd48azve', expiry=none, refreshable=false
2021-02-22T17:17:57.880Z [AUDIT] Token created by 'anonymous': tokenId='444678e7-5061-4a00-88f8-2d778e27471c', issuer='jfac@01ez5bxt5hq8xs0x7b2a210nwq', subject='jfac@01ez5bxt5hq8xs0x7b2a210nwq', expiry=1614014397751, refreshable=false
2021-02-22T17:17:58.688Z [AUDIT] Token created by 'anonymous': tokenId='4a79e4d4-1f90-4004-ac26-d73ed114d79b', issuer='jfmd@01ez5bybevrrz7agatfechpkze', subject='jfmd@01ez5bybevrrz7agatfechpkze', expiry=none, refreshable=false
2021-02-22T17:17:58.711Z [AUDIT] Token created by 'anonymous': tokenId='ac598aeb-b7a9-4377-9290-8aa16f6e6c48', issuer='jfevt@01ez5bxt5hq8xs0x7b2a210nwq', subject='jfevt@01ez5bxt5hq8xs0x7b2a210nwq', expiry=none, refreshable=false
2021-02-22T17:17:59.002Z [AUDIT] Token created by 'jfevt@01ez5bxt5hq8xs0x7b2a210nwq': tokenId='bf8955e0-5459-4b05-99f3-17c88bdf7fdc', issuer='jfevt@01ez5bxt5hq8xs0x7b2a210nwq', subject='jfevt@01ez5bxt5hq8xs0x7b2a210nwq', expiry=1614100678990, refreshable=true
2021-02-22T17:17:59.011Z [AUDIT] Token created by 'jfevt@01ez5bxt5hq8xs0x7b2a210nwq': tokenId='16ed7caa-335a-45dd-ad72-ab71e758b071', issuer='jfevt@01ez5bxt5hq8xs0x7b2a210nwq', subject='jfevt@01ez5bxt5hq8xs0x7b2a210nwq', expiry=1614100679005, refreshable=true
2021-02-22T17:17:59.019Z [AUDIT] Token created by 'jfevt@01ez5bxt5hq8xs0x7b2a210nwq': tokenId='cc9da1d3-bacf-4b5e-bde3-3d2ba95773e3', issuer='jfevt@01ez5bxt5hq8xs0x7b2a210nwq', subject='jfevt@01ez5bxt5hq8xs0x7b2a210nwq', expiry=1614100679014, refreshable=true
2021-02-22T17:17:59.025Z [AUDIT] Token created by 'jfevt@01ez5bxt5hq8xs0x7b2a210nwq': tokenId='07ef568e-5258-4df9-a27b-b477f9ceeef2', issuer='jfevt@01ez5bxt5hq8xs0x7b2a210nwq', subject='jfevt@01ez5bxt5hq8xs0x7b2a210nwq', expiry=1614100678990, refreshable=true
2021-02-22T17:18:21.289Z [AUDIT] Token created by 'anonymous': tokenId='e66db6a9-11eb-47ca-b05c-623956343804', issuer='jfrt@01ez5bzeg9c3381pa6cqnw07b0', subject='jfrt@01ez5bzeg9c3381pa6cqnw07b0', expiry=none, refreshable=false
2021-02-22T17:18:35.226Z [AUDIT] Token created by 'jfrt@01ez5bzeg9c3381pa6cqnw07b0': tokenId='aa4cac49-aa91-4d46-80c6-7271d7a2b3ed', issuer='jfrt@01ez5bzeg9c3381pa6cqnw07b0', subject='jfrt@01ez5bzeg9c3381pa6cqnw07b0', expiry=2560094315218, refreshable=false
2021-02-22T17:18:51.114Z [AUDIT] Token created by 'anonymous': tokenId='617d4950-b983-44f4-8f50-65f257cea0d4', issuer='jffe@000', subject='jffe@000', expiry=none, refreshable=false
2021-02-22T17:18:51.314Z [AUDIT] Token created by 'jffe@000': tokenId='3bc343ec-79bb-4416-9aba-3fd753545d7a', issuer='jffe@000', subject='jffe@000/users/jffe@000', expiry=1614014931313, refreshable=false
2021-02-22T17:23:40.796Z [AUDIT] Token created by 'jffe@000': tokenId='5598b98d-f76b-445a-8719-cdb5ad298f03', issuer='jffe@000', subject='jffe@000/users/anonymous', expiry=1614015220796, refreshable=false
2021-02-22T17:23:40.807Z [AUDIT] Token created by 'jffe@000': tokenId='94ed1f65-1620-4ee3-a333-970ad506b62f', issuer='jffe@000', subject='jffe@000/users/anonymous', expiry=1614015220807, refreshable=false
2021-02-22T17:23:40.807Z [AUDIT] Token created by 'jffe@000': tokenId='ed694216-fdeb-4dab-bb02-372c2d666ad6', issuer='jffe@000', subject='jffe@000/users/anonymous', expiry=1614015220806, refreshable=false
2021-02-22T17:23:41.140Z [AUDIT] Token created by 'jffe@000': tokenId='163d7105-6b69-4139-903d-6d69dc1c2607', issuer='jffe@000', subject='jffe@000/users/anonymous', expiry=1614015221139, refreshable=false
2021-02-22T17:23:57.183Z [AUDIT] Token created by 'jffe@000': tokenId='68f2f334-69be-4907-83bc-3bc3fde62fbe', issuer='jffe@000', subject='jffe@000/users/admin', expiry=1614016437175, refreshable=true
2021-02-22T17:23:57.598Z [AUDIT] Token created by 'jffe@000': tokenId='ff9137d6-b9a3-413a-b907-97cc1b1ed6db', issuer='jffe@000', subject='jffe@000/users/admin', expiry=1614015237598, refreshable=false
2021-02-22T17:23:57.618Z [AUDIT] Token created by 'jffe@000': tokenId='576d524f-da5e-4963-9211-f1a147fd4ce6', issuer='jffe@000', subject='jffe@000/users/admin', expiry=1614015237616, refreshable=false
2021-02-22T17:23:57.736Z [AUDIT] Token created by 'jffe@000': tokenId='53385314-6f86-46cd-87d4-6c68f47f3f34', issuer='jffe@000', subject='jffe@000/users/admin', expiry=1614015237735, refreshable=false
2021-02-22T17:28:54.310Z [AUDIT] Token created by 'jffe@000': tokenId='cabd073b-4881-4426-b746-0828adaf0953', issuer='jffe@000', subject='jffe@000/users/jffe@000', expiry=1614015534310, refreshable=false
2021-02-22T17:28:54.311Z [AUDIT] Token created by 'jffe@000': tokenId='8762fb17-dc5c-4cc1-ac95-573929adaf72', issuer='jffe@000', subject='jffe@000/users/jffe@000', expiry=1614015534310, refreshable=false
2021-02-22T17:28:54.316Z [AUDIT] Token created by 'jffe@000': tokenId='23d9edc1-d822-4a5b-9f55-fca2409e6bcf', issuer='jffe@000', subject='jffe@000/users/jffe@000', expiry=1614015534308, refreshable=false
2021-02-22T17:28:54.323Z [AUDIT] Token created by 'jffe@000': tokenId='383b46a0-1da9-4066-9243-1c43a5965c45', issuer='jffe@000', subject='jffe@000/users/jffe@000', expiry=1614015534323, refreshable=false
2021-02-22T17:29:03.028Z [AUDIT] Token refreshed by 'jffe@000': oldTokenId='68f2f334-69be-4907-83bc-3bc3fde62fbe', tokenId='cbeb443e-03f6-4654-bd73-a98d68c58bda', issuer='jffe@000', subject='jffe@000/users/admin', expiry=1614016743006, refreshable=true
2021-02-22T17:34:00.476Z [AUDIT] Token created by 'jffe@000': tokenId='ae992b61-5a02-420c-9004-923ee3e2e65e', issuer='jffe@000', subject='jffe@000/users/admin', expiry=1614015840474, refreshable=false
2021-02-22T17:36:45.691Z [AUDIT] Token refreshed by 'jffe@000': oldTokenId='cbeb443e-03f6-4654-bd73-a98d68c58bda', tokenId='062c1b6f-1b9f-48e0-90af-82deb67600c4', issuer='jffe@000', subject='jffe@000/users/admin', expiry=1614017205659, refreshable=true
2021-02-22T17:36:52.079Z [AUDIT] Token created by 'jffe@000': tokenId='9e32f629-6eb1-49d5-ab39-b09c20a1a516', issuer='jffe@000', subject='jffe@000/users/anonymous', expiry=1614016012077, refreshable=false
2021-02-22T17:38:54.548Z [AUDIT] Token created by 'jffe@000': tokenId='8cf72073-7a9c-41af-adda-e837b582264f', issuer='jffe@000', subject='jffe@000/users/jffe@000', expiry=1614016134547, refreshable=false
2021-02-22T17:38:54.548Z [AUDIT] Token created by 'jffe@000': tokenId='e3921cd5-20ba-4a5c-9a61-0470c294d629', issuer='jffe@000', subject='jffe@000/users/jffe@000', expiry=1614016134547, refreshable=false
2021-02-22T17:38:54.556Z [AUDIT] Token created by 'jffe@000': tokenId='bebb0a32-14b2-4653-882a-f998db8a7f68', issuer='jffe@000', subject='jffe@000/users/jffe@000', expiry=1614016134556, refreshable=false
2021-02-22T17:38:54.556Z [AUDIT] Token created by 'jffe@000': tokenId='645b0ad6-9ccc-4ea4-8031-314a15a3758b', issuer='jffe@000', subject='jffe@000/users/jffe@000', expiry=1614016134556, refreshable=false
2021-02-22T17:44:00.540Z [AUDIT] Token created by 'jffe@000': tokenId='27677dca-b87c-4237-b559-bdb85b418540', issuer='jffe@000', subject='jffe@000/users/admin', expiry=1614016440540, refreshable=false
2021-02-22T17:44:33.697Z [AUDIT] Token refreshed by 'jffe@000': oldTokenId='062c1b6f-1b9f-48e0-90af-82deb67600c4', tokenId='17a2c7d7-9acd-44ee-9557-e68b22864e40', issuer='jffe@000', subject='jffe@000/users/admin', expiry=1614017673665, refreshable=true
2021-02-22T17:48:54.631Z [AUDIT] Token created by 'jffe@000': tokenId='19ce8cd2-bf87-4986-aff9-2272de050a2e', issuer='jffe@000', subject='jffe@000/users/jffe@000', expiry=1614016734631, refreshable=false
2021-02-22T17:48:54.643Z [AUDIT] Token created by 'jffe@000': tokenId='8740faa9-9939-4e54-b01d-8c506612e80b', issuer='jffe@000', subject='jffe@000/users/jffe@000', expiry=1614016734642, refreshable=false
2021-02-22T17:48:54.648Z [AUDIT] Token created by 'jffe@000': tokenId='1c40e7dd-9c99-44e5-8568-682eea06e80f', issuer='jffe@000', subject='jffe@000/users/jffe@000', expiry=1614016734648, refreshable=false
2021-02-22T17:48:54.655Z [AUDIT] Token created by 'jffe@000': tokenId='bdfaa2e9-285e-4e68-8457-3f3b9fe2edbc', issuer='jffe@000', subject='jffe@000/users/jffe@000', expiry=1614016734654, refreshable=false
2021-02-22T17:50:50.422Z [AUDIT] Token refreshed by 'jffe@000': oldTokenId='17a2c7d7-9acd-44ee-9557-e68b22864e40', tokenId='1e5c7886-62de-4b07-9b91-116940d83f24', issuer='jffe@000', subject='jffe@000/users/admin', expiry=1614018050401, refreshable=true
2021-02-22T17:54:00.572Z [AUDIT] Token created by 'jffe@000': tokenId='80dfc27b-3975-4724-9f3d-8b047c65ba97', issuer='jffe@000', subject='jffe@000/users/admin', expiry=1614017040572, refreshable=false
2021-02-22T17:55:05.047Z [AUDIT] Token created by 'jffe@000': tokenId='a879d90b-0fe2-4cbb-a4b6-e7d1d3d82614', issuer='jffe@000', subject='jffe@000/users/admin', expiry=1614017105047, refreshable=false
2021-02-22T17:55:51.510Z [AUDIT] Token refreshed by 'jffe@000': oldTokenId='1e5c7886-62de-4b07-9b91-116940d83f24', tokenId='da324cf5-da0f-4afb-92a1-e282dae011b6', issuer='jffe@000', subject='jffe@000/users/admin', expiry=1614018351502, refreshable=true
2021-02-22T17:58:54.740Z [AUDIT] Token created by 'jffe@000': tokenId='23623f4a-ab1e-4607-9e2e-a8ad73bc234b', issuer='jffe@000', subject='jffe@000/users/jffe@000', expiry=1614017334740, refreshable=false
2021-02-22T17:58:54.752Z [AUDIT] Token created by 'jffe@000': tokenId='6587839a-2aea-4e9c-a795-078e4181cc04', issuer='jffe@000', subject='jffe@000/users/jffe@000', expiry=1614017334752, refreshable=false
2021-02-22T17:58:54.762Z [AUDIT] Token created by 'jffe@000': tokenId='06813fac-9189-4768-8527-7225e0fc9f00', issuer='jffe@000', subject='jffe@000/users/jffe@000', expiry=1614017334761, refreshable=false
2021-02-22T17:58:54.766Z [AUDIT] Token created by 'jffe@000': tokenId='16a6275d-c48b-4296-932b-547e4a97be05', issuer='jffe@000', subject='jffe@000/users/jffe@000', expiry=1614017334766, refreshable=false
2021-02-22T17:58:59.357Z [AUDIT] Token created by 'jffe@000': tokenId='04bd6e3a-5bd8-4f77-9a23-5d5b5702d2fc', issuer='jffe@000', subject='jffe@000/users/admin', expiry=1614017339357, refreshable=false
2021-02-22T18:04:02.135Z [AUDIT] Token created by 'jffe@000': tokenId='a707398c-970c-43e0-8c61-2a4fb0ec5185', issuer='jffe@000', subject='jffe@000/users/admin', expiry=1614017642134, refreshable=false
2021-02-22T18:05:24.748Z [AUDIT] Token refreshed by 'jffe@000': oldTokenId='da324cf5-da0f-4afb-92a1-e282dae011b6', tokenId='48c5029c-bb51-41c6-b73c-2760490a0e17', issuer='jffe@000', subject='jffe@000/users/admin', expiry=1614018924734, refreshable=true
2021-02-22T18:08:54.767Z [AUDIT] Token created by 'jffe@000': tokenId='68048bec-68ab-47e5-aadf-042ba2ade658', issuer='jffe@000', subject='jffe@000/users/jffe@000', expiry=1614017934767, refreshable=false
2021-02-22T18:08:54.767Z [AUDIT] Token created by 'jffe@000': tokenId='097e0b59-de5e-4ffd-ab20-e0c52b4c1b1d', issuer='jffe@000', subject='jffe@000/users/jffe@000', expiry=1614017934767, refreshable=false
2021-02-22T18:08:54.767Z [AUDIT] Token created by 'jffe@000': tokenId='23b224e2-5cf4-42c4-9452-df92f4f8437a', issuer='jffe@000', subject='jffe@000/users/jffe@000', expiry=1614017934767, refreshable=false
2021-02-22T18:08:54.776Z [AUDIT] Token created by 'jffe@000': tokenId='9884e645-6219-46f7-b4ae-937e1c9ba8ce', issuer='jffe@000', subject='jffe@000/users/jffe@000', expiry=1614017934776, refreshable=false
2021-02-22T18:10:32.619Z [AUDIT] Token refreshed by 'jffe@000': oldTokenId='48c5029c-bb51-41c6-b73c-2760490a0e17', tokenId='311b10c8-c36a-4d68-9b30-b52a1668ff46', issuer='jffe@000', subject='jffe@000/users/admin', expiry=1614019232604, refreshable=true
2021-02-22T18:14:02.099Z [AUDIT] Token created by 'jffe@000': tokenId='c292f11d-f90d-408e-8eab-f004deee5aad', issuer='jffe@000', subject='jffe@000/users/admin', expiry=1614018242098, refreshable=false
2021-02-22T18:15:36.615Z [AUDIT] Token refreshed by 'jffe@000': oldTokenId='311b10c8-c36a-4d68-9b30-b52a1668ff46', tokenId='24ac37d7-1a7e-4cf0-8cc7-357fdf5669c6', issuer='jffe@000', subject='jffe@000/users/admin', expiry=1614019536604, refreshable=true
2021-02-22T18:17:24.182Z [AUDIT] Token created by 'jffe@000': tokenId='9cb4a715-c888-4da7-b9ab-93e750c7707c', issuer='jffe@000', subject='jffe@000/users/admin', expiry=1614018444182, refreshable=false
2021-02-22T18:18:54.885Z [AUDIT] Token created by 'jffe@000': tokenId='65e52a57-be31-4374-8fc9-c6b0f08c2395', issuer='jffe@000', subject='jffe@000/users/jffe@000', expiry=1614018534884, refreshable=false
2021-02-22T18:18:54.888Z [AUDIT] Token created by 'jffe@000': tokenId='78c3fedb-9778-4196-a12c-dbc47b0e5cbf', issuer='jffe@000', subject='jffe@000/users/jffe@000', expiry=1614018534888, refreshable=false
2021-02-22T18:18:54.888Z [AUDIT] Token created by 'jffe@000': tokenId='f40be97b-d6d8-4a3b-80de-01ec4f4f5fe5', issuer='jffe@000', subject='jffe@000/users/jffe@000', expiry=1614018534888, refreshable=false
2021-02-22T18:18:54.934Z [AUDIT] Token created by 'jffe@000': tokenId='61529d24-3255-4ac6-8043-a08878f67e23', issuer='jffe@000', subject='jffe@000/users/jffe@000', expiry=1614018534934, refreshable=false
2021-02-22T18:23:22.672Z [AUDIT] Token refreshed by 'jffe@000': oldTokenId='24ac37d7-1a7e-4cf0-8cc7-357fdf5669c6', tokenId='20d57a70-564f-48f6-b0c1-3c132b1d4c23', issuer='jffe@000', subject='jffe@000/users/admin', expiry=1614020002644, refreshable=true
2021-02-22T18:24:02.608Z [AUDIT] Token created by 'jffe@000': tokenId='1ac3ceb2-9bb7-4bc1-9696-6ba31e0816c5', issuer='jffe@000', subject='jffe@000/users/admin', expiry=1614018842608, refreshable=false
2021-02-22T18:27:25.340Z [AUDIT] Token created by 'jffe@000': tokenId='b8e78659-a446-4ab2-854c-d9218ab246c9', issuer='jffe@000', subject='jffe@000/users/admin', expiry=1614019045339, refreshable=false
2021-02-22T18:28:27.029Z [AUDIT] Token refreshed by 'jffe@000': oldTokenId='20d57a70-564f-48f6-b0c1-3c132b1d4c23', tokenId='71638c3e-0d80-40e7-b9cb-95b7553d431d', issuer='jffe@000', subject='jffe@000/users/admin', expiry=1614020307003, refreshable=true
2021-02-22T18:28:55.132Z [AUDIT] Token created by 'jffe@000': tokenId='82bbc794-d6d4-4107-857e-278653b55851', issuer='jffe@000', subject='jffe@000/users/jffe@000', expiry=1614019135132, refreshable=false
2021-02-22T18:28:55.135Z [AUDIT] Token created by 'jffe@000': tokenId='09c09cbd-baf2-4113-aa35-d548570c0fa0', issuer='jffe@000', subject='jffe@000/users/jffe@000', expiry=1614019135135, refreshable=false
2021-02-22T18:28:55.135Z [AUDIT] Token created by 'jffe@000': tokenId='4c5a7d76-4a93-4be6-8db1-98545d1be0b4', issuer='jffe@000', subject='jffe@000/users/jffe@000', expiry=1614019135135, refreshable=false
2021-02-22T18:28:55.147Z [AUDIT] Token created by 'jffe@000': tokenId='6239081a-bb0f-413e-bd21-2804d9398193', issuer='jffe@000', subject='jffe@000/users/jffe@000', expiry=1614019135146, refreshable=false
2021-02-22T18:33:28.698Z [AUDIT] Token refreshed by 'jffe@000': oldTokenId='71638c3e-0d80-40e7-b9cb-95b7553d431d', tokenId='f9f8140f-2055-4c52-bb41-eaa5624afc52', issuer='jffe@000', subject='jffe@000/users/admin', expiry=1614020608681, refreshable=true
2021-02-22T18:33:52.585Z [AUDIT] Token revoked by 'jffe@000': tokenId='f9f8140f-2055-4c52-bb41-eaa5624afc52', issuer='jffe@000', subject='jffe@000/users/admin', expiry=1614020608681, refreshable=true
2021-02-22T18:33:53.164Z [AUDIT] Token created by 'jffe@000': tokenId='9804dd80-685d-44b3-896e-aab9cbc13a50', issuer='jffe@000', subject='jffe@000/users/anonymous', expiry=1614019433164, refreshable=false
2021-02-22T18:33:53.193Z [AUDIT] Token created by 'jffe@000': tokenId='6185cc0b-2786-408b-bb47-f8242db598e9', issuer='jffe@000', subject='jffe@000/users/anonymous', expiry=1614019433193, refreshable=false
2021-02-22T18:33:53.198Z [AUDIT] Token created by 'jffe@000': tokenId='419d7af2-cd39-4bd1-b7c4-8dcea577d0dc', issuer='jffe@000', subject='jffe@000/users/anonymous', expiry=1614019433198, refreshable=false
2021-02-22T18:33:57.740Z [AUDIT] Token created by 'jffe@000': tokenId='17e8c3a7-17a9-426a-9485-c035e5b5c212', issuer='jffe@000', subject='jffe@000/users/maven', expiry=1614020637736, refreshable=true
2021-02-22T18:33:57.889Z [AUDIT] Token created by 'jffe@000': tokenId='573c1d84-949b-44ba-9e21-517d97732d73', issuer='jffe@000', subject='jffe@000/users/maven', expiry=1614019437889, refreshable=false
2021-02-22T18:34:13.124Z [AUDIT] Token revoked by 'jffe@000': tokenId='17e8c3a7-17a9-426a-9485-c035e5b5c212', issuer='jffe@000', subject='jffe@000/users/maven', expiry=1614020637736, refreshable=true
2021-02-22T18:34:17.757Z [AUDIT] Token created by 'jffe@000': tokenId='d8a657fb-b58f-4ff2-96f8-0c18a62d5e7f', issuer='jffe@000', subject='jffe@000/users/admin', expiry=1614020657744, refreshable=true
2021-02-22T18:34:18.320Z [AUDIT] Token created by 'jffe@000': tokenId='7c40580e-5cee-4c32-995f-6be086df947c', issuer='jffe@000', subject='jffe@000/users/admin', expiry=1614019458319, refreshable=false
2021-02-22T18:34:18.405Z [AUDIT] Token created by 'jffe@000': tokenId='704e4062-b4c8-40d1-b4e0-5d69703c3121', issuer='jffe@000', subject='jffe@000/users/admin', expiry=1614019458398, refreshable=false
2021-02-22T18:34:18.506Z [AUDIT] Token created by 'jffe@000': tokenId='c565a4b7-dd4d-44a7-9283-e90f567e01c5', issuer='jffe@000', subject='jffe@000/users/admin', expiry=1614019458506, refreshable=false
2021-02-22T18:34:21.074Z [AUDIT] Token created by 'jffe@000': tokenId='55e07ca3-c035-4658-8c87-6a582a3586e2', issuer='jffe@000', subject='jffe@000/users/admin', expiry=1614019461074, refreshable=false
2021-02-22T18:34:44.937Z [AUDIT] Token revoked by 'jffe@000': tokenId='d8a657fb-b58f-4ff2-96f8-0c18a62d5e7f', issuer='jffe@000', subject='jffe@000/users/admin', expiry=1614020657744, refreshable=true
2021-02-22T18:35:35.326Z [AUDIT] Token created by 'jffe@000': tokenId='2cbf83a6-6741-4242-8734-e8d30f178c91', issuer='jffe@000', subject='jffe@000/users/maven', expiry=1614020735317, refreshable=true
2021-02-22T18:35:35.466Z [AUDIT] Token created by 'jffe@000': tokenId='726d0654-e4f4-460e-a8ec-3f8eace1bbda', issuer='jffe@000', subject='jffe@000/users/maven', expiry=1614019535465, refreshable=false
2021-02-22T18:38:55.247Z [AUDIT] Token created by 'jffe@000': tokenId='83436c90-966e-4a9a-9a53-345a0f2b2cef', issuer='jffe@000', subject='jffe@000/users/jffe@000', expiry=1614019735246, refreshable=false
2021-02-22T18:38:55.247Z [AUDIT] Token created by 'jffe@000': tokenId='4acc07b0-17c2-49dd-bb8a-5ec6184076f1', issuer='jffe@000', subject='jffe@000/users/jffe@000', expiry=1614019735247, refreshable=false
2021-02-22T18:38:55.249Z [AUDIT] Token created by 'jffe@000': tokenId='fde88429-77a3-40c5-a512-c1690d21cbeb', issuer='jffe@000', subject='jffe@000/users/jffe@000', expiry=1614019735249, refreshable=false
2021-02-22T18:38:55.252Z [AUDIT] Token created by 'jffe@000': tokenId='5ecdee31-c337-4392-97ff-04fd706ce119', issuer='jffe@000', subject='jffe@000/users/jffe@000', expiry=1614019735252, refreshable=false
2021-02-22T18:39:29.173Z [AUDIT] Token revoked by 'jffe@000': tokenId='2cbf83a6-6741-4242-8734-e8d30f178c91', issuer='jffe@000', subject='jffe@000/users/maven', expiry=1614020735317, refreshable=true
2021-02-22T18:39:34.617Z [AUDIT] Token created by 'jffe@000': tokenId='60f179b3-7600-4185-8172-f7a1bec1b893', issuer='jffe@000', subject='jffe@000/users/admin', expiry=1614020974610, refreshable=true
2021-02-22T18:39:34.845Z [AUDIT] Token created by 'jffe@000': tokenId='669d3407-8641-4bbe-b88e-28007b2a8fbd', issuer='jffe@000', subject='jffe@000/users/admin', expiry=1614019774845, refreshable=false
2021-02-22T18:39:34.849Z [AUDIT] Token created by 'jffe@000': tokenId='8d47fe3a-30c5-42c0-aa11-0460fdaeb066', issuer='jffe@000', subject='jffe@000/users/admin', expiry=1614019774849, refreshable=false
2021-02-22T18:39:34.853Z [AUDIT] Token created by 'jffe@000': tokenId='4c743960-7283-4fbc-99f5-1db48d4a5489', issuer='jffe@000', subject='jffe@000/users/admin', expiry=1614019774853, refreshable=false
2021-02-22T18:40:10.642Z [AUDIT] Token revoked by 'jffe@000': tokenId='60f179b3-7600-4185-8172-f7a1bec1b893', issuer='jffe@000', subject='jffe@000/users/admin', expiry=1614020974610, refreshable=true
2021-02-22T18:40:16.128Z [AUDIT] Token created by 'jffe@000': tokenId='5ab394a6-94df-4ea5-85c8-e2ddc9cf6085', issuer='jffe@000', subject='jffe@000/users/maven', expiry=1614021016124, refreshable=true
2021-02-22T18:40:16.292Z [AUDIT] Token created by 'jffe@000': tokenId='f4886102-ec7d-4433-bec5-dc78e5dde29a', issuer='jffe@000', subject='jffe@000/users/maven', expiry=1614019816292, refreshable=false
2021-02-22T18:40:31.277Z [AUDIT] Token revoked by 'jffe@000': tokenId='5ab394a6-94df-4ea5-85c8-e2ddc9cf6085', issuer='jffe@000', subject='jffe@000/users/maven', expiry=1614021016124, refreshable=true
2021-02-22T18:40:36.139Z [AUDIT] Token created by 'jffe@000': tokenId='25401a6c-62e9-4415-82e7-57d637b99bad', issuer='jffe@000', subject='jffe@000/users/admin', expiry=1614021036136, refreshable=true
2021-02-22T18:40:36.440Z [AUDIT] Token created by 'jffe@000': tokenId='a69fba97-a0d9-4322-a666-c402f245bee9', issuer='jffe@000', subject='jffe@000/users/admin', expiry=1614019836440, refreshable=false
2021-02-22T18:40:36.464Z [AUDIT] Token created by 'jffe@000': tokenId='49d61476-18e9-4f9c-83b1-38371c3d7ba2', issuer='jffe@000', subject='jffe@000/users/admin', expiry=1614019836463, refreshable=false
2021-02-22T18:40:36.473Z [AUDIT] Token created by 'jffe@000': tokenId='d9cddfb6-1f67-4f19-af5c-7147f0a59d09', issuer='jffe@000', subject='jffe@000/users/admin', expiry=1614019836473, refreshable=false
2021-02-22T18:40:38.328Z [AUDIT] Token created by 'jffe@000': tokenId='929c1e58-12db-4dba-b3c9-6c3cd9fe0694', issuer='jffe@000', subject='jffe@000/users/admin', expiry=1614019838324, refreshable=false
2021-02-22T18:40:42.537Z [AUDIT] Token created by 'jffe@000': tokenId='fa3aa8bd-9a44-49f7-9301-75257d3efbdf', issuer='jffe@000', subject='jffe@000/users/admin', expiry=1614019842537, refreshable=false
2021-02-22T18:41:00.431Z [AUDIT] Token revoked by 'jffe@000': tokenId='25401a6c-62e9-4415-82e7-57d637b99bad', issuer='jffe@000', subject='jffe@000/users/admin', expiry=1614021036136, refreshable=true
2021-02-22T18:41:09.720Z [AUDIT] Token created by 'jffe@000': tokenId='3f7a685a-0f3f-445f-a473-d0a4a26e24e2', issuer='jffe@000', subject='jffe@000/users/maven', expiry=1614021069714, refreshable=true
2021-02-22T18:41:09.928Z [AUDIT] Token created by 'jffe@000': tokenId='fabc980f-f2fc-439f-9074-f4ddca49addb', issuer='jffe@000', subject='jffe@000/users/maven', expiry=1614019869927, refreshable=false
2021-02-22T18:41:28.580Z [AUDIT] Token revoked by 'jffe@000': tokenId='3f7a685a-0f3f-445f-a473-d0a4a26e24e2', issuer='jffe@000', subject='jffe@000/users/maven', expiry=1614021069714, refreshable=true
2021-02-22T18:41:32.762Z [AUDIT] Token created by 'jffe@000': tokenId='50931df3-3f0d-4d7c-aa2c-2a59c9752b7c', issuer='jffe@000', subject='jffe@000/users/admin', expiry=1614021092756, refreshable=true
2021-02-22T18:41:32.973Z [AUDIT] Token created by 'jffe@000': tokenId='ddcf6075-839e-4414-b9bf-668b86d26c0d', issuer='jffe@000', subject='jffe@000/users/admin', expiry=1614019892973, refreshable=false
2021-02-22T18:41:32.973Z [AUDIT] Token created by 'jffe@000': tokenId='8b93a6ee-95cc-4bc5-9713-30efe5770051', issuer='jffe@000', subject='jffe@000/users/admin', expiry=1614019892973, refreshable=false
2021-02-22T18:41:32.986Z [AUDIT] Token created by 'jffe@000': tokenId='ddc98546-0922-411a-897c-ee51260bd3ab', issuer='jffe@000', subject='jffe@000/users/admin', expiry=1614019892985, refreshable=false
2021-02-22T18:41:34.388Z [AUDIT] Token created by 'jffe@000': tokenId='4a6ea447-c3c4-4f2d-b794-fa2e03879279', issuer='jffe@000', subject='jffe@000/users/admin', expiry=1614019894387, refreshable=false
2021-02-22T18:41:37.986Z [AUDIT] Token created by 'jffe@000': tokenId='632c44af-786f-4503-a220-e60eefd926bf', issuer='jffe@000', subject='jffe@000/users/admin', expiry=1614019897986, refreshable=false
2021-02-22T18:44:02.173Z [AUDIT] Token revoked by 'jffe@000': tokenId='50931df3-3f0d-4d7c-aa2c-2a59c9752b7c', issuer='jffe@000', subject='jffe@000/users/admin', expiry=1614021092756, refreshable=true
2021-02-22T18:44:03.063Z [AUDIT] Token created by 'jffe@000': tokenId='e11c1a8b-71ce-4c4a-98a7-80eda2322009', issuer='jffe@000', subject='jffe@000/users/anonymous', expiry=1614020043063, refreshable=false
2021-02-22T18:44:03.076Z [AUDIT] Token created by 'jffe@000': tokenId='f8b88c25-4928-4d8d-b7c2-34ef1420ebbf', issuer='jffe@000', subject='jffe@000/users/anonymous', expiry=1614020043076, refreshable=false
2021-02-22T18:44:03.078Z [AUDIT] Token created by 'jffe@000': tokenId='52d79354-f1ba-4ad3-ac3c-7a8c86e5d0b0', issuer='jffe@000', subject='jffe@000/users/anonymous', expiry=1614020043078, refreshable=false
2021-02-22T18:44:03.120Z [AUDIT] Token created by 'jffe@000': tokenId='72037b0c-a4c0-47ef-9809-4b1dea6a94e7', issuer='jffe@000', subject='jffe@000/users/anonymous', expiry=1614020043109, refreshable=false
2021-02-22T18:44:07.092Z [AUDIT] Token created by 'jffe@000': tokenId='f47e7415-a10f-4b4d-8e3e-fe54c038eb07', issuer='jffe@000', subject='jffe@000/users/maven', expiry=1614021247088, refreshable=true
2021-02-22T18:44:07.229Z [AUDIT] Token created by 'jffe@000': tokenId='88257189-18b9-479a-9ea6-3782ec99123b', issuer='jffe@000', subject='jffe@000/users/maven', expiry=1614020047229, refreshable=false
2021-02-22T18:48:55.332Z [AUDIT] Token created by 'jffe@000': tokenId='c736c1d5-3a57-4253-b390-a6631090bd70', issuer='jffe@000', subject='jffe@000/users/jffe@000', expiry=1614020335332, refreshable=false
2021-02-22T18:48:55.335Z [AUDIT] Token created by 'jffe@000': tokenId='732abece-e8af-426b-a064-970db2db5e20', issuer='jffe@000', subject='jffe@000/users/jffe@000', expiry=1614020335335, refreshable=false
2021-02-22T18:48:55.338Z [AUDIT] Token created by 'jffe@000': tokenId='f3f3ab0f-0f1d-4a5e-b802-79dd261cd27d', issuer='jffe@000', subject='jffe@000/users/jffe@000', expiry=1614020335337, refreshable=false
2021-02-22T18:48:55.348Z [AUDIT] Token created by 'jffe@000': tokenId='c5250e7d-5486-40cb-968d-12daa9353559', issuer='jffe@000', subject='jffe@000/users/jffe@000', expiry=1614020335348, refreshable=false
2021-02-22T18:50:14.670Z [AUDIT] Token refreshed by 'jffe@000': oldTokenId='f47e7415-a10f-4b4d-8e3e-fe54c038eb07', tokenId='68231d4c-0e5d-45f6-943b-44f2feda9a16', issuer='jffe@000', subject='jffe@000/users/maven', expiry=1614021614659, refreshable=true
2021-02-22T18:54:07.629Z [AUDIT] Token created by 'jffe@000': tokenId='56c4479f-06b9-4c77-ac61-758e026ecec2', issuer='jffe@000', subject='jffe@000/users/maven', expiry=1614020647629, refreshable=false
2021-02-22T18:56:44.040Z [AUDIT] Token refreshed by 'jffe@000': oldTokenId='68231d4c-0e5d-45f6-943b-44f2feda9a16', tokenId='3194169f-274e-43fe-99c2-6eb60daefe6f', issuer='jffe@000', subject='jffe@000/users/maven', expiry=1614022004028, refreshable=true
2021-02-22T18:58:55.462Z [AUDIT] Token created by 'jffe@000': tokenId='758d11b0-3f77-462f-8ed9-77c0ce19fd7c', issuer='jffe@000', subject='jffe@000/users/jffe@000', expiry=1614020935462, refreshable=false
2021-02-22T18:58:55.462Z [AUDIT] Token created by 'jffe@000': tokenId='b8e21375-37bb-4a92-9e6e-834e2d50a4b4', issuer='jffe@000', subject='jffe@000/users/jffe@000', expiry=1614020935461, refreshable=false
2021-02-22T18:58:55.465Z [AUDIT] Token created by 'jffe@000': tokenId='c37fb6e6-8e61-4f98-acf8-dc20798efd3b', issuer='jffe@000', subject='jffe@000/users/jffe@000', expiry=1614020935465, refreshable=false
2021-02-22T18:58:55.480Z [AUDIT] Token created by 'jffe@000': tokenId='b10aa706-e37d-42cd-96ab-17d9863559a5', issuer='jffe@000', subject='jffe@000/users/jffe@000', expiry=1614020935480, refreshable=false
2021-02-22T19:04:07.628Z [AUDIT] Token created by 'jffe@000': tokenId='7cf7b58e-90d5-4384-938e-46dc230ec62d', issuer='jffe@000', subject='jffe@000/users/maven', expiry=1614021247628, refreshable=false
2021-02-22T19:04:51.638Z [AUDIT] Token refreshed by 'jffe@000': oldTokenId='3194169f-274e-43fe-99c2-6eb60daefe6f', tokenId='2186513b-f9ee-46b8-8c66-2569735c88e2', issuer='jffe@000', subject='jffe@000/users/maven', expiry=1614022491623, refreshable=true
2021-02-22T19:08:55.523Z [AUDIT] Token created by 'jffe@000': tokenId='5a97a86c-fb2c-46bf-afcb-f427dc912848', issuer='jffe@000', subject='jffe@000/users/jffe@000', expiry=1614021535522, refreshable=false
2021-02-22T19:08:55.523Z [AUDIT] Token created by 'jffe@000': tokenId='3a4057f7-228b-41f3-a385-b487b417bbc0', issuer='jffe@000', subject='jffe@000/users/jffe@000', expiry=1614021535522, refreshable=false
2021-02-22T19:08:55.524Z [AUDIT] Token created by 'jffe@000': tokenId='635ddc64-cc88-453a-aad6-d24a4982543f', issuer='jffe@000', subject='jffe@000/users/jffe@000', expiry=1614021535524, refreshable=false
2021-02-22T19:08:55.527Z [AUDIT] Token created by 'jffe@000': tokenId='d548cc0b-368a-4592-86da-078b80f15937', issuer='jffe@000', subject='jffe@000/users/jffe@000', expiry=1614021535527, refreshable=false
2021-02-22T19:10:00.448Z [AUDIT] Token refreshed by 'jffe@000': oldTokenId='2186513b-f9ee-46b8-8c66-2569735c88e2', tokenId='df83fb6b-eaf0-4b6b-8573-c0832e88be8f', issuer='jffe@000', subject='jffe@000/users/maven', expiry=1614022800436, refreshable=true
2021-02-22T19:14:07.615Z [AUDIT] Token created by 'jffe@000': tokenId='38ae55e6-5e8c-4056-8039-8adda982afaf', issuer='jffe@000', subject='jffe@000/users/maven', expiry=1614021847615, refreshable=false
2021-02-22T19:15:50.624Z [AUDIT] Token refreshed by 'jffe@000': oldTokenId='df83fb6b-eaf0-4b6b-8573-c0832e88be8f', tokenId='df6bb866-47e3-4035-80e8-404d72bf7964', issuer='jffe@000', subject='jffe@000/users/maven', expiry=1614023150616, refreshable=true
2021-02-22T19:18:55.715Z [AUDIT] Token created by 'jffe@000': tokenId='9f525c72-47af-4775-bcf1-a5ca3b9b6cda', issuer='jffe@000', subject='jffe@000/users/jffe@000', expiry=1614022135715, refreshable=false
2021-02-22T19:18:55.801Z [AUDIT] Token created by 'jffe@000': tokenId='3b129c20-4d04-4a44-a8f6-c0ab11c9803c', issuer='jffe@000', subject='jffe@000/users/jffe@000', expiry=1614022135800, refreshable=false
2021-02-22T19:18:55.805Z [AUDIT] Token created by 'jffe@000': tokenId='8683e259-67dc-415d-8374-e548ac4d5f01', issuer='jffe@000', subject='jffe@000/users/jffe@000', expiry=1614022135805, refreshable=false
2021-02-22T19:18:55.916Z [AUDIT] Token created by 'jffe@000': tokenId='0c3e0a96-4a7f-4db3-a273-ab5757c665a1', issuer='jffe@000', subject='jffe@000/users/jffe@000', expiry=1614022135895, refreshable=false
2021-02-22T19:21:36.311Z [AUDIT] Token refreshed by 'jffe@000': oldTokenId='df6bb866-47e3-4035-80e8-404d72bf7964', tokenId='02334972-f839-4143-b3aa-6c3099a9ed8a', issuer='jffe@000', subject='jffe@000/users/maven', expiry=1614023496300, refreshable=true
2021-02-22T19:24:07.757Z [AUDIT] Token created by 'jffe@000': tokenId='332584f5-def8-4b0a-97ec-a4632930f28d', issuer='jffe@000', subject='jffe@000/users/maven', expiry=1614022447757, refreshable=false
2021-02-22T19:28:55.758Z [AUDIT] Token created by 'jffe@000': tokenId='84414c3f-2fb1-4e73-9c65-618988778cb8', issuer='jffe@000', subject='jffe@000/users/jffe@000', expiry=1614022735758, refreshable=false
2021-02-22T19:28:55.758Z [AUDIT] Token created by 'jffe@000': tokenId='b4e01989-52e1-4388-94a4-d4142bb9f234', issuer='jffe@000', subject='jffe@000/users/jffe@000', expiry=1614022735758, refreshable=false
2021-02-22T19:28:55.758Z [AUDIT] Token created by 'jffe@000': tokenId='90660655-61aa-4bae-8a21-be0277be287b', issuer='jffe@000', subject='jffe@000/users/jffe@000', expiry=1614022735758, refreshable=false
2021-02-22T19:28:55.766Z [AUDIT] Token created by 'jffe@000': tokenId='78eb493f-3eec-412b-bd3c-8bd9408e2e47', issuer='jffe@000', subject='jffe@000/users/jffe@000', expiry=1614022735766, refreshable=false
2021-02-22T19:29:47.753Z [AUDIT] Token refreshed by 'jffe@000': oldTokenId='02334972-f839-4143-b3aa-6c3099a9ed8a', tokenId='a9a4a4c8-d08a-4795-90c1-ee78782daedb', issuer='jffe@000', subject='jffe@000/users/maven', expiry=1614023987732, refreshable=true
2021-02-22T19:34:07.718Z [AUDIT] Token created by 'jffe@000': tokenId='f2f0325e-9899-46f6-96da-6dcf00bb13c1', issuer='jffe@000', subject='jffe@000/users/maven', expiry=1614023047718, refreshable=false
2021-02-22T19:37:03.916Z [AUDIT] Token refreshed by 'jffe@000': oldTokenId='a9a4a4c8-d08a-4795-90c1-ee78782daedb', tokenId='0ca7d956-51c0-43c2-a3de-000bea414b3a', issuer='jffe@000', subject='jffe@000/users/maven', expiry=1614024423900, refreshable=true
2021-02-22T19:37:11.598Z [AUDIT] Token revoked by 'jffe@000': tokenId='0ca7d956-51c0-43c2-a3de-000bea414b3a', issuer='jffe@000', subject='jffe@000/users/maven', expiry=1614024423900, refreshable=true
2021-02-22T19:37:12.262Z [AUDIT] Token created by 'jffe@000': tokenId='76880715-6fa0-4023-9e46-e4e5ca0318ad', issuer='jffe@000', subject='jffe@000/users/anonymous', expiry=1614023232262, refreshable=false
2021-02-22T19:37:12.281Z [AUDIT] Token created by 'jffe@000': tokenId='6e50f77f-2d4d-4dbc-86f9-7df976466079', issuer='jffe@000', subject='jffe@000/users/anonymous', expiry=1614023232280, refreshable=false
2021-02-22T19:37:12.291Z [AUDIT] Token created by 'jffe@000': tokenId='6fccbb46-b8b5-4ab7-8d27-c89029c45e12', issuer='jffe@000', subject='jffe@000/users/anonymous', expiry=1614023232290, refreshable=false
2021-02-22T19:37:12.293Z [AUDIT] Token created by 'jffe@000': tokenId='a1208776-178a-4aed-951f-7aa1e49a32f4', issuer='jffe@000', subject='jffe@000/users/anonymous', expiry=1614023232292, refreshable=false
2021-02-22T19:37:16.276Z [AUDIT] Token created by 'jffe@000': tokenId='26282a70-30c8-4fb7-b134-473bfa5612d3', issuer='jffe@000', subject='jffe@000/users/admin', expiry=1614024436270, refreshable=true
2021-02-22T19:37:16.748Z [AUDIT] Token created by 'jffe@000': tokenId='5b8f51e6-8e52-4492-80e4-e671aa5e5729', issuer='jffe@000', subject='jffe@000/users/admin', expiry=1614023236748, refreshable=false
2021-02-22T19:37:16.760Z [AUDIT] Token created by 'jffe@000': tokenId='2d628d81-34c1-40f0-ba33-7528ccc2171a', issuer='jffe@000', subject='jffe@000/users/admin', expiry=1614023236760, refreshable=false
2021-02-22T19:37:16.812Z [AUDIT] Token created by 'jffe@000': tokenId='7416bc96-f762-4386-9cfa-e0e26f9abca3', issuer='jffe@000', subject='jffe@000/users/admin', expiry=1614023236811, refreshable=false
2021-02-22T19:37:38.887Z [AUDIT] Token created by 'jffe@000': tokenId='072270b6-7107-4274-b2c5-4510bae6b325', issuer='jffe@000', subject='jffe@000/users/admin', expiry=1614023258886, refreshable=false
2021-02-22T19:38:55.851Z [AUDIT] Token created by 'jffe@000': tokenId='6055c93e-c840-4658-b3a8-699a16f68df4', issuer='jffe@000', subject='jffe@000/users/jffe@000', expiry=1614023335851, refreshable=false
2021-02-22T19:38:55.851Z [AUDIT] Token created by 'jffe@000': tokenId='35a7f536-9a3b-482c-b803-a3a4e167fea8', issuer='jffe@000', subject='jffe@000/users/jffe@000', expiry=1614023335851, refreshable=false
2021-02-22T19:38:55.855Z [AUDIT] Token created by 'jffe@000': tokenId='fb975345-f46c-4866-b54e-3e25102c6ffa', issuer='jffe@000', subject='jffe@000/users/jffe@000', expiry=1614023335855, refreshable=false
2021-02-22T19:38:55.856Z [AUDIT] Token created by 'jffe@000': tokenId='2c59ac75-ffbe-4101-bf23-3ed430411a99', issuer='jffe@000', subject='jffe@000/users/jffe@000', expiry=1614023335856, refreshable=false
2021-02-22T19:43:14.919Z [AUDIT] Token refreshed by 'jffe@000': oldTokenId='26282a70-30c8-4fb7-b134-473bfa5612d3', tokenId='e5bda52c-4cd9-4f45-a0b6-67a3d4321543', issuer='jffe@000', subject='jffe@000/users/admin', expiry=1614024794909, refreshable=true
2021-02-22T19:47:18.161Z [AUDIT] Token created by 'jffe@000': tokenId='78a808f2-0019-4f1c-a097-3759d4424e59', issuer='jffe@000', subject='jffe@000/users/admin', expiry=1614023838161, refreshable=false
2021-02-22T19:48:55.983Z [AUDIT] Token created by 'jffe@000': tokenId='750273d9-3019-4f2f-b4dc-53ce558a657b', issuer='jffe@000', subject='jffe@000/users/jffe@000', expiry=1614023935982, refreshable=false
2021-02-22T19:48:56.003Z [AUDIT] Token created by 'jffe@000': tokenId='3970b463-6fc6-462e-8b0a-eb3da3c8c6ee', issuer='jffe@000', subject='jffe@000/users/jffe@000', expiry=1614023936003, refreshable=false
2021-02-22T19:48:56.017Z [AUDIT] Token created by 'jffe@000': tokenId='47f807c1-548d-41d1-9356-b5380baa5a6b', issuer='jffe@000', subject='jffe@000/users/jffe@000', expiry=1614023936017, refreshable=false
2021-02-22T19:48:56.106Z [AUDIT] Token created by 'jffe@000': tokenId='5e512e54-02a5-4c5a-8459-1c2dcd5d7f37', issuer='jffe@000', subject='jffe@000/users/jffe@000', expiry=1614023936105, refreshable=false
2021-02-22T19:54:25.697Z [AUDIT] Token refreshed by 'jffe@000': oldTokenId='e5bda52c-4cd9-4f45-a0b6-67a3d4321543', tokenId='068e23a2-c51c-40c5-b74d-a106f9e094a4', issuer='jffe@000', subject='jffe@000/users/admin', expiry=1614025465688, refreshable=true
2021-02-22T19:54:34.551Z [AUDIT] Token created by 'jffe@000': tokenId='0f0a3da5-de77-4a13-beec-bb71daa1988c', issuer='jffe@000', subject='jffe@000/users/admin', expiry=1614024274550, refreshable=false
2021-02-22T19:57:21.093Z [AUDIT] Token created by 'jffe@000': tokenId='d40c16d6-cf01-4a0f-824b-cb36be1f24ef', issuer='jffe@000', subject='jffe@000/users/admin', expiry=1614024441081, refreshable=false
2021-02-22T19:58:56.083Z [AUDIT] Token created by 'jffe@000': tokenId='e0da5f07-0044-4ad8-bb3b-1fb95fe54016', issuer='jffe@000', subject='jffe@000/users/jffe@000', expiry=1614024536083, refreshable=false
2021-02-22T19:58:56.082Z [AUDIT] Token created by 'jffe@000': tokenId='0bca6b42-0786-4a92-bda8-c4256e193799', issuer='jffe@000', subject='jffe@000/users/jffe@000', expiry=1614024536082, refreshable=false
2021-02-22T19:58:56.098Z [AUDIT] Token created by 'jffe@000': tokenId='74bb91ea-5d24-43ec-b593-cd6315f93d73', issuer='jffe@000', subject='jffe@000/users/jffe@000', expiry=1614024536098, refreshable=false
2021-02-22T19:58:56.082Z [AUDIT] Token created by 'jffe@000': tokenId='be7b8f90-933f-4cb6-85c9-51b32dda8e9a', issuer='jffe@000', subject='jffe@000/users/jffe@000', expiry=1614024536082, refreshable=false
2021-03-07T13:55:34.277Z [AUDIT] Token created by 'anonymous': tokenId='8aa41485-34bb-4ef8-b4c0-25a598cf3970', issuer='jfrou@01ez5by93gf0scb2nqsd48azve', subject='jfrou@01ez5by93gf0scb2nqsd48azve', expiry=none, refreshable=false
2021-03-07T13:55:43.405Z [AUDIT] Token created by 'anonymous': tokenId='44b6b9f8-8692-46d7-a46e-0ea649827c47', issuer='jfevt@01ez5bxt5hq8xs0x7b2a210nwq', subject='jfevt@01ez5bxt5hq8xs0x7b2a210nwq', expiry=none, refreshable=false
2021-03-07T13:55:43.579Z [AUDIT] Token created by 'anonymous': tokenId='d8ed04a8-1c40-4786-bffe-33ad6b305fc3', issuer='jfac@01ez5bxt5hq8xs0x7b2a210nwq', subject='jfac@01ez5bxt5hq8xs0x7b2a210nwq', expiry=1615125463514, refreshable=false
2021-03-07T13:55:44.426Z [AUDIT] Token created by 'anonymous': tokenId='bd28c300-d920-4447-8240-3eb6e335725c', issuer='jfmd@01ez5bybevrrz7agatfechpkze', subject='jfmd@01ez5bybevrrz7agatfechpkze', expiry=none, refreshable=false
2021-03-07T13:55:44.897Z [AUDIT] Token created by 'jfevt@01ez5bxt5hq8xs0x7b2a210nwq': tokenId='c591e39f-4bef-4d85-87b9-88699f520595', issuer='jfevt@01ez5bxt5hq8xs0x7b2a210nwq', subject='jfevt@01ez5bxt5hq8xs0x7b2a210nwq', expiry=1615211744839, refreshable=true
2021-03-07T13:55:44.901Z [AUDIT] Token created by 'jfevt@01ez5bxt5hq8xs0x7b2a210nwq': tokenId='060b50b4-3bb9-49d4-8222-6687dd35def6', issuer='jfevt@01ez5bxt5hq8xs0x7b2a210nwq', subject='jfevt@01ez5bxt5hq8xs0x7b2a210nwq', expiry=1615211744838, refreshable=true
2021-03-07T13:55:44.904Z [AUDIT] Token created by 'jfevt@01ez5bxt5hq8xs0x7b2a210nwq': tokenId='a32e35d0-b654-48e6-9031-0d2beb338239', issuer='jfevt@01ez5bxt5hq8xs0x7b2a210nwq', subject='jfevt@01ez5bxt5hq8xs0x7b2a210nwq', expiry=1615211744855, refreshable=true
2021-03-07T13:55:44.906Z [AUDIT] Token created by 'jfevt@01ez5bxt5hq8xs0x7b2a210nwq': tokenId='9f6e6123-99b6-4661-8c0a-c12b1acd8baa', issuer='jfevt@01ez5bxt5hq8xs0x7b2a210nwq', subject='jfevt@01ez5bxt5hq8xs0x7b2a210nwq', expiry=1615211744851, refreshable=true
2021-03-07T13:55:52.697Z [AUDIT] Token created by 'anonymous': tokenId='54823aad-eafe-473e-a2cd-511a76a27e6e', issuer='jfrt@01ez5bzeg9c3381pa6cqnw07b0', subject='jfrt@01ez5bzeg9c3381pa6cqnw07b0', expiry=none, refreshable=false
2021-03-07T13:55:58.683Z [AUDIT] Token created by 'jfrt@01ez5bzeg9c3381pa6cqnw07b0': tokenId='68583d93-d414-49b2-896e-2be597c83ae5', issuer='jfrt@01ez5bzeg9c3381pa6cqnw07b0', subject='jfrt@01ez5bzeg9c3381pa6cqnw07b0', expiry=2561205358678, refreshable=false
2021-03-07T13:56:11.238Z [AUDIT] Token created by 'anonymous': tokenId='5c717c06-e530-47fe-ab33-b6f8618a9397', issuer='jffe@000', subject='jffe@000', expiry=none, refreshable=false
2021-03-07T13:56:11.361Z [AUDIT] Token created by 'jffe@000': tokenId='ec7cf2bd-cd88-43f3-ba31-f1dbbdb80b5d', issuer='jffe@000', subject='jffe@000/users/jffe@000', expiry=1615125971360, refreshable=false
2021-03-07T13:56:50.460Z [AUDIT] Token created by 'jffe@000': tokenId='27136bc1-33be-470c-abd3-bbb0e7873aa6', issuer='jffe@000', subject='jffe@000/users/anonymous', expiry=1615126010459, refreshable=false
2021-03-07T13:56:50.481Z [AUDIT] Token created by 'jffe@000': tokenId='9eb18e6a-b0ee-49a2-b6e3-49ac29dc51ed', issuer='jffe@000', subject='jffe@000/users/anonymous', expiry=1615126010463, refreshable=false
2021-03-07T13:56:50.471Z [AUDIT] Token created by 'jffe@000': tokenId='3a8968e4-0856-426e-b8a1-f91dad2dbe22', issuer='jffe@000', subject='jffe@000/users/anonymous', expiry=1615126010470, refreshable=false
2021-03-07T13:56:50.539Z [AUDIT] Token created by 'jffe@000': tokenId='71e2e894-78e9-4440-a619-0b535486daa2', issuer='jffe@000', subject='jffe@000/users/anonymous', expiry=1615126010538, refreshable=false
2021-03-07T14:05:02.292Z [AUDIT] Token created by 'jffe@000': tokenId='13320562-8ba6-4530-8da4-61090489baed', issuer='jffe@000', subject='jffe@000/users/admin', expiry=1615127702288, refreshable=true
2021-03-07T14:05:02.630Z [AUDIT] Token created by 'jffe@000': tokenId='018729a5-54c9-4377-a4f2-bcb5c33912a8', issuer='jffe@000', subject='jffe@000/users/admin', expiry=1615126502630, refreshable=false
2021-03-07T14:05:02.646Z [AUDIT] Token created by 'jffe@000': tokenId='5aa9e605-1259-42dd-b057-1ce535f90c4d', issuer='jffe@000', subject='jffe@000/users/admin', expiry=1615126502646, refreshable=false
2021-03-07T14:05:02.647Z [AUDIT] Token created by 'jffe@000': tokenId='b2be07fa-3b6e-45d7-a721-d3ada14861bd', issuer='jffe@000', subject='jffe@000/users/admin', expiry=1615126502646, refreshable=false
2021-03-07T14:05:04.146Z [AUDIT] Token created by 'jffe@000': tokenId='ae3faed5-bc65-419f-9789-24217b770196', issuer='jffe@000', subject='jffe@000/users/admin', expiry=1615126504146, refreshable=false
2021-03-07T14:06:14.179Z [AUDIT] Token created by 'jffe@000': tokenId='5a76ae5f-ea08-4dc2-b9f2-73c12e644b90', issuer='jffe@000', subject='jffe@000/users/jffe@000', expiry=1615126574179, refreshable=false
2021-03-07T14:06:14.180Z [AUDIT] Token created by 'jffe@000': tokenId='1e77cb79-d4f5-4a6d-b25e-73a0ce44e8bb', issuer='jffe@000', subject='jffe@000/users/jffe@000', expiry=1615126574180, refreshable=false
2021-03-07T14:06:14.180Z [AUDIT] Token created by 'jffe@000': tokenId='98a6fbb7-fe66-4f55-9d29-c813fa26bab7', issuer='jffe@000', subject='jffe@000/users/jffe@000', expiry=1615126574180, refreshable=false
2021-03-07T14:06:14.189Z [AUDIT] Token created by 'jffe@000': tokenId='6162ef72-1589-4a75-ad20-4a737fd48fad', issuer='jffe@000', subject='jffe@000/users/jffe@000', expiry=1615126574189, refreshable=false
2021-03-07T14:15:04.994Z [AUDIT] Token created by 'jffe@000': tokenId='62f233bb-a1c1-4c3d-8ff2-87cb860b7e29', issuer='jffe@000', subject='jffe@000/users/admin', expiry=1615127104994, refreshable=false
2021-03-07T14:16:14.251Z [AUDIT] Token created by 'jffe@000': tokenId='4d1b7189-80fe-4c3f-9aa3-f059622f530e', issuer='jffe@000', subject='jffe@000/users/jffe@000', expiry=1615127174251, refreshable=false
2021-03-07T14:16:14.252Z [AUDIT] Token created by 'jffe@000': tokenId='2ba54a9b-4971-49ab-957e-90aa7e108cf1', issuer='jffe@000', subject='jffe@000/users/jffe@000', expiry=1615127174252, refreshable=false
2021-03-07T14:16:14.261Z [AUDIT] Token created by 'jffe@000': tokenId='3e353acb-577b-4891-b104-9052f32d289d', issuer='jffe@000', subject='jffe@000/users/jffe@000', expiry=1615127174261, refreshable=false
2021-03-07T14:16:14.252Z [AUDIT] Token created by 'jffe@000': tokenId='1bf7344b-1629-4a09-81d1-f947c0ac0a3f', issuer='jffe@000', subject='jffe@000/users/jffe@000', expiry=1615127174252, refreshable=false
2021-03-07T14:26:14.290Z [AUDIT] Token created by 'jffe@000': tokenId='5bb01589-8551-41bc-be6a-7517a3d867e3', issuer='jffe@000', subject='jffe@000/users/jffe@000', expiry=1615127774290, refreshable=false
2021-03-07T14:26:14.290Z [AUDIT] Token created by 'jffe@000': tokenId='25296b6d-99bc-4441-905f-45bf207d11f8', issuer='jffe@000', subject='jffe@000/users/jffe@000', expiry=1615127774290, refreshable=false
2021-03-07T14:26:14.297Z [AUDIT] Token created by 'jffe@000': tokenId='929bca3a-3344-4aab-891c-966430ac3587', issuer='jffe@000', subject='jffe@000/users/jffe@000', expiry=1615127774297, refreshable=false
2021-03-07T14:26:14.300Z [AUDIT] Token created by 'jffe@000': tokenId='aa1427c6-4ff2-4450-b4d2-06a8cd471fc0', issuer='jffe@000', subject='jffe@000/users/jffe@000', expiry=1615127774300, refreshable=false
2021-03-07T14:36:14.411Z [AUDIT] Token created by 'jffe@000': tokenId='89995b5b-60b7-4c8f-9a6d-072586da9917', issuer='jffe@000', subject='jffe@000/users/jffe@000', expiry=1615128374411, refreshable=false
2021-03-07T14:36:14.411Z [AUDIT] Token created by 'jffe@000': tokenId='3c7bd940-b7d2-4337-acd4-94875a0f11dc', issuer='jffe@000', subject='jffe@000/users/jffe@000', expiry=1615128374411, refreshable=false
2021-03-07T14:36:14.413Z [AUDIT] Token created by 'jffe@000': tokenId='ad9d117c-9fcb-43ff-9893-73ca6be6c3fb', issuer='jffe@000', subject='jffe@000/users/jffe@000', expiry=1615128374413, refreshable=false
2021-03-07T14:36:14.418Z [AUDIT] Token created by 'jffe@000': tokenId='2aa743ea-6092-469f-a640-20262c6d0c42', issuer='jffe@000', subject='jffe@000/users/jffe@000', expiry=1615128374418, refreshable=false
2021-03-08T20:02:12.236Z [AUDIT] Token created by 'anonymous': tokenId='22f90bdd-fa2b-4c77-9be1-b90ef6658dda', issuer='jfrou@01ez5by93gf0scb2nqsd48azve', subject='jfrou@01ez5by93gf0scb2nqsd48azve', expiry=none, refreshable=false
2021-03-08T20:02:19.911Z [AUDIT] Token created by 'anonymous': tokenId='0b3ccab9-4a6a-48a5-a28b-26921d1ff396', issuer='jfac@01ez5bxt5hq8xs0x7b2a210nwq', subject='jfac@01ez5bxt5hq8xs0x7b2a210nwq', expiry=1615233859886, refreshable=false
2021-03-08T20:02:20.197Z [AUDIT] Token created by 'anonymous': tokenId='95a8fb00-be2b-43c9-a66e-ad801e7355fa', issuer='jfmd@01ez5bybevrrz7agatfechpkze', subject='jfmd@01ez5bybevrrz7agatfechpkze', expiry=none, refreshable=false
2021-03-08T20:02:20.693Z [AUDIT] Token created by 'anonymous': tokenId='7fd273b6-938e-4061-add3-790aec2fa345', issuer='jfevt@01ez5bxt5hq8xs0x7b2a210nwq', subject='jfevt@01ez5bxt5hq8xs0x7b2a210nwq', expiry=none, refreshable=false
2021-03-08T20:02:20.857Z [AUDIT] Token created by 'jfevt@01ez5bxt5hq8xs0x7b2a210nwq': tokenId='6d4e00f9-0ad7-4f2a-bff6-8e51da833497', issuer='jfevt@01ez5bxt5hq8xs0x7b2a210nwq', subject='jfevt@01ez5bxt5hq8xs0x7b2a210nwq', expiry=1615320140849, refreshable=true
2021-03-08T20:02:20.877Z [AUDIT] Token created by 'jfevt@01ez5bxt5hq8xs0x7b2a210nwq': tokenId='e9a50d0e-ad0d-40c6-aa6a-ee944a18bb1f', issuer='jfevt@01ez5bxt5hq8xs0x7b2a210nwq', subject='jfevt@01ez5bxt5hq8xs0x7b2a210nwq', expiry=1615320140858, refreshable=true
2021-03-08T20:02:20.877Z [AUDIT] Token created by 'jfevt@01ez5bxt5hq8xs0x7b2a210nwq': tokenId='1378a280-a33d-45d6-9456-df89c31400ea', issuer='jfevt@01ez5bxt5hq8xs0x7b2a210nwq', subject='jfevt@01ez5bxt5hq8xs0x7b2a210nwq', expiry=1615320140854, refreshable=true
2021-03-08T20:02:20.887Z [AUDIT] Token created by 'jfevt@01ez5bxt5hq8xs0x7b2a210nwq': tokenId='7af159a7-2638-49ba-b8a2-908eb6cb8606', issuer='jfevt@01ez5bxt5hq8xs0x7b2a210nwq', subject='jfevt@01ez5bxt5hq8xs0x7b2a210nwq', expiry=1615320140863, refreshable=true
2021-03-08T20:02:23.577Z [AUDIT] Token created by 'anonymous': tokenId='c240097c-9aac-47c9-a243-3221f993cf57', issuer='jfrt@01ez5bzeg9c3381pa6cqnw07b0', subject='jfrt@01ez5bzeg9c3381pa6cqnw07b0', expiry=none, refreshable=false
2021-03-08T20:02:26.117Z [AUDIT] Token created by 'jfrt@01ez5bzeg9c3381pa6cqnw07b0': tokenId='d68e7bd1-5502-4823-a7c0-7113bd1ce182', issuer='jfrt@01ez5bzeg9c3381pa6cqnw07b0', subject='jfrt@01ez5bzeg9c3381pa6cqnw07b0', expiry=2561313746111, refreshable=false
2021-03-08T20:02:43.493Z [AUDIT] Token created by 'anonymous': tokenId='8cdeb17d-593d-40dd-9ee2-fc8192d4f705', issuer='jffe@000', subject='jffe@000', expiry=none, refreshable=false
2021-03-08T20:02:43.767Z [AUDIT] Token created by 'jffe@000': tokenId='9512e2c7-380e-4ce1-89db-ad4bf8f04794', issuer='jffe@000', subject='jffe@000/users/jffe@000', expiry=1615234363766, refreshable=false
2021-03-08T20:05:02.460Z [AUDIT] Token created by 'jffe@000': tokenId='a8f4225d-5533-45a3-a7c2-72373a46c2f8', issuer='jffe@000', subject='jffe@000/users/anonymous', expiry=1615234502458, refreshable=false
2021-03-08T20:05:02.588Z [AUDIT] Token created by 'jffe@000': tokenId='a2189dc0-87c7-4813-b1bd-1e751ff19f54', issuer='jffe@000', subject='jffe@000/users/anonymous', expiry=1615234502588, refreshable=false
2021-03-08T20:05:02.595Z [AUDIT] Token created by 'jffe@000': tokenId='ae78cf15-181d-4db8-85ae-8db9faf8290b', issuer='jffe@000', subject='jffe@000/users/anonymous', expiry=1615234502595, refreshable=false
2021-03-08T20:05:02.609Z [AUDIT] Token created by 'jffe@000': tokenId='50f857bc-43a6-41d9-bc1f-dd93bd8638fd', issuer='jffe@000', subject='jffe@000/users/anonymous', expiry=1615234502609, refreshable=false
2021-03-08T20:05:11.273Z [AUDIT] Token created by 'jffe@000': tokenId='c5db67ac-020c-45ac-bdee-3399cc0d75ba', issuer='jffe@000', subject='jffe@000/users/admin', expiry=1615235711269, refreshable=true
2021-03-08T20:05:11.528Z [AUDIT] Token created by 'jffe@000': tokenId='3b115845-2684-4fc9-bc9b-b5ff9f8c13ce', issuer='jffe@000', subject='jffe@000/users/admin', expiry=1615234511528, refreshable=false
2021-03-08T20:05:11.565Z [AUDIT] Token created by 'jffe@000': tokenId='811721e5-564e-45c2-bfd8-87899d49e926', issuer='jffe@000', subject='jffe@000/users/admin', expiry=1615234511565, refreshable=false
2021-03-08T20:05:11.590Z [AUDIT] Token created by 'jffe@000': tokenId='52160c73-5b9b-4a68-9ae8-15cc2521766b', issuer='jffe@000', subject='jffe@000/users/admin', expiry=1615234511590, refreshable=false
2021-03-08T20:05:13.099Z [AUDIT] Token created by 'jffe@000': tokenId='1bc073b7-6ef3-41ba-ab0a-e3ce1e9f439b', issuer='jffe@000', subject='jffe@000/users/admin', expiry=1615234513098, refreshable=false
2021-03-08T20:05:23.749Z [AUDIT] Token revoked by 'jffe@000': tokenId='c5db67ac-020c-45ac-bdee-3399cc0d75ba', issuer='jffe@000', subject='jffe@000/users/admin', expiry=1615235711269, refreshable=true
2021-03-08T20:15:33.005Z [AUDIT] Token created by 'anonymous': tokenId='406138de-2b06-4916-b76b-1dfe0563efd5', issuer='jfrou@01ez5by93gf0scb2nqsd48azve', subject='jfrou@01ez5by93gf0scb2nqsd48azve', expiry=none, refreshable=false
2021-03-08T20:15:36.275Z [AUDIT] Token created by 'anonymous': tokenId='80a9fc4a-58de-4c61-a7e1-41758573bfe4', issuer='jfac@01ez5bxt5hq8xs0x7b2a210nwq', subject='jfac@01ez5bxt5hq8xs0x7b2a210nwq', expiry=1615234656265, refreshable=false
2021-03-08T20:15:36.453Z [AUDIT] Token created by 'anonymous': tokenId='c628af22-7294-4dce-b040-5c12ca600237', issuer='jfac@01ez5bxt5hq8xs0x7b2a210nwq', subject='jfac@01ez5bxt5hq8xs0x7b2a210nwq', expiry=1615234656439, refreshable=false
2021-03-08T20:15:36.763Z [AUDIT] Token created by 'anonymous': tokenId='c1fbd21d-dd0e-4bbe-8e68-9f49d94782a7', issuer='jfmd@01ez5bybevrrz7agatfechpkze', subject='jfmd@01ez5bybevrrz7agatfechpkze', expiry=none, refreshable=false
2021-03-08T20:15:37.916Z [AUDIT] Token created by 'anonymous': tokenId='c0158101-9e1a-404f-ac2c-dd5fa4aa7bf1', issuer='jfrt@01ez5bzeg9c3381pa6cqnw07b0', subject='jfrt@01ez5bzeg9c3381pa6cqnw07b0', expiry=none, refreshable=false
2021-03-08T20:15:40.455Z [AUDIT] Token created by 'jfrt@01ez5bzeg9c3381pa6cqnw07b0': tokenId='1df0bfae-44eb-46b9-a905-7c8f89081173', issuer='jfrt@01ez5bzeg9c3381pa6cqnw07b0', subject='jfrt@01ez5bzeg9c3381pa6cqnw07b0', expiry=2561314540447, refreshable=false
2021-03-08T20:15:47.442Z [AUDIT] Token created by 'anonymous': tokenId='83c49511-56bb-42f7-83f6-7a81f02713a5', issuer='jffe@000', subject='jffe@000', expiry=none, refreshable=false
2021-03-08T20:15:47.589Z [AUDIT] Token created by 'jffe@000': tokenId='5522a222-2113-4c0f-bccd-2777078bd57a', issuer='jffe@000', subject='jffe@000/users/jffe@000', expiry=1615235147589, refreshable=false
2021-03-08T20:16:04.656Z [AUDIT] Token created by 'jffe@000': tokenId='90096605-6ee3-45c0-9d61-ce7dcd03984a', issuer='jffe@000', subject='jffe@000/users/anonymous', expiry=1615235164656, refreshable=false
2021-03-08T20:16:04.661Z [AUDIT] Token created by 'jffe@000': tokenId='54b89d39-10d1-4fce-9149-58ded906f79e', issuer='jffe@000', subject='jffe@000/users/anonymous', expiry=1615235164660, refreshable=false
2021-03-08T20:16:04.702Z [AUDIT] Token created by 'jffe@000': tokenId='0fedb09a-74f5-4fb4-a83c-82653414686b', issuer='jffe@000', subject='jffe@000/users/anonymous', expiry=1615235164702, refreshable=false
2021-03-08T20:16:04.751Z [AUDIT] Token created by 'jffe@000': tokenId='2a3e1d7b-5aba-4788-b922-fcf989ca40ba', issuer='jffe@000', subject='jffe@000/users/anonymous', expiry=1615235164726, refreshable=false
2021-03-08T20:16:15.239Z [AUDIT] Token created by 'jffe@000': tokenId='ad14ab25-2c76-4a3a-88c2-9393adf30f4d', issuer='jffe@000', subject='jffe@000/users/admin', expiry=1615236375236, refreshable=true
2021-03-08T20:16:15.555Z [AUDIT] Token created by 'jffe@000': tokenId='fa987098-5637-4668-88a1-b98013bfc86d', issuer='jffe@000', subject='jffe@000/users/admin', expiry=1615235175555, refreshable=false
2021-03-08T20:16:15.588Z [AUDIT] Token created by 'jffe@000': tokenId='7c2b4b10-8d35-4b4e-8cef-f2dc416bc554', issuer='jffe@000', subject='jffe@000/users/admin', expiry=1615235175588, refreshable=false
2021-03-08T20:16:15.597Z [AUDIT] Token created by 'jffe@000': tokenId='c697a93b-60ee-4d6e-83ec-fcee819d9045', issuer='jffe@000', subject='jffe@000/users/admin', expiry=1615235175590, refreshable=false
2021-03-08T20:16:17.242Z [AUDIT] Token created by 'jffe@000': tokenId='1e039167-2c0a-4cee-b198-cfe4882d9631', issuer='jffe@000', subject='jffe@000/users/admin', expiry=1615235177242, refreshable=false
2021-03-08T20:16:23.504Z [AUDIT] Token revoked by 'jffe@000': tokenId='ad14ab25-2c76-4a3a-88c2-9393adf30f4d', issuer='jffe@000', subject='jffe@000/users/admin', expiry=1615236375236, refreshable=true
2021-03-08T20:18:08.603Z [AUDIT] Token created by 'anonymous': tokenId='7e49ecf1-38f0-4ff4-bae4-4e9faacbd3df', issuer='jfrou@01ez5by93gf0scb2nqsd48azve', subject='jfrou@01ez5by93gf0scb2nqsd48azve', expiry=none, refreshable=false
2021-03-08T20:18:12.898Z [AUDIT] Token created by 'anonymous': tokenId='901f1289-456b-4345-a220-350b5041f9de', issuer='jfac@01ez5bxt5hq8xs0x7b2a210nwq', subject='jfac@01ez5bxt5hq8xs0x7b2a210nwq', expiry=1615234812881, refreshable=false
2021-03-08T20:18:13.099Z [AUDIT] Token created by 'anonymous': tokenId='32a1f12f-3082-465e-97f2-14f7755677a3', issuer='jfac@01ez5bxt5hq8xs0x7b2a210nwq', subject='jfac@01ez5bxt5hq8xs0x7b2a210nwq', expiry=1615234813090, refreshable=false
2021-03-08T20:18:13.358Z [AUDIT] Token created by 'anonymous': tokenId='def54105-9496-400d-9f63-b3120a9afba5', issuer='jfac@01ez5bxt5hq8xs0x7b2a210nwq', subject='jfac@01ez5bxt5hq8xs0x7b2a210nwq', expiry=1615234813347, refreshable=false
2021-03-08T20:18:13.799Z [AUDIT] Token created by 'anonymous': tokenId='9de842de-4612-4685-9b4f-4eed17cbc014', issuer='jfac@01ez5bxt5hq8xs0x7b2a210nwq', subject='jfac@01ez5bxt5hq8xs0x7b2a210nwq', expiry=1615234813789, refreshable=false
2021-03-08T20:18:13.822Z [AUDIT] Token created by 'anonymous': tokenId='008718aa-69c8-4935-98d6-b93aa11a6a55', issuer='jfmd@01ez5bybevrrz7agatfechpkze', subject='jfmd@01ez5bybevrrz7agatfechpkze', expiry=none, refreshable=false
2021-03-08T20:18:14.291Z [AUDIT] Token created by 'anonymous': tokenId='e0290b2e-7e5c-4736-a01e-82b63bb37046', issuer='jfrt@01ez5bzeg9c3381pa6cqnw07b0', subject='jfrt@01ez5bzeg9c3381pa6cqnw07b0', expiry=none, refreshable=false
2021-03-08T20:18:17.053Z [AUDIT] Token created by 'jfrt@01ez5bzeg9c3381pa6cqnw07b0': tokenId='669124e4-3fcc-4397-a249-6decd8acabeb', issuer='jfrt@01ez5bzeg9c3381pa6cqnw07b0', subject='jfrt@01ez5bzeg9c3381pa6cqnw07b0', expiry=2561314697045, refreshable=false
2021-03-08T20:18:25.214Z [AUDIT] Token created by 'anonymous': tokenId='463f932f-8ed3-432c-b93e-65469ad2e8d8', issuer='jffe@000', subject='jffe@000', expiry=none, refreshable=false
2021-03-08T20:18:25.338Z [AUDIT] Token created by 'jffe@000': tokenId='6d4244a0-d6c7-44b0-9a9b-37f87cdea141', issuer='jffe@000', subject='jffe@000/users/jffe@000', expiry=1615235305338, refreshable=false
2021-03-08T20:19:14.246Z [AUDIT] Token created by 'jffe@000': tokenId='ef0bfe3d-1f96-421f-8335-34515f35a5cb', issuer='jffe@000', subject='jffe@000/users/anonymous', expiry=1615235354246, refreshable=false
2021-03-08T20:19:14.258Z [AUDIT] Token created by 'jffe@000': tokenId='0f19406c-e8f4-4c46-ab29-8e8240dd08c4', issuer='jffe@000', subject='jffe@000/users/anonymous', expiry=1615235354258, refreshable=false
2021-03-08T20:19:14.258Z [AUDIT] Token created by 'jffe@000': tokenId='24fe43e3-a94f-4277-8dd6-12bc8f6ce58f', issuer='jffe@000', subject='jffe@000/users/anonymous', expiry=1615235354258, refreshable=false
2021-03-08T20:19:14.285Z [AUDIT] Token created by 'jffe@000': tokenId='c8ee941e-52a9-4ecd-a773-f0986feadc48', issuer='jffe@000', subject='jffe@000/users/anonymous', expiry=1615235354285, refreshable=false
2021-03-08T20:19:24.594Z [AUDIT] Token created by 'jffe@000': tokenId='ea870f9e-176c-4644-b83f-b960191f7ee4', issuer='jffe@000', subject='jffe@000/users/admin', expiry=1615236564588, refreshable=true
2021-03-08T20:19:24.888Z [AUDIT] Token created by 'jffe@000': tokenId='50d90e9d-a0cf-442a-bba2-bd662bdad7ee', issuer='jffe@000', subject='jffe@000/users/admin', expiry=1615235364887, refreshable=false
2021-03-08T20:19:24.932Z [AUDIT] Token created by 'jffe@000': tokenId='2d6a199f-8fef-4bff-ae1d-8145a46f17bd', issuer='jffe@000', subject='jffe@000/users/admin', expiry=1615235364931, refreshable=false
2021-03-08T20:19:24.932Z [AUDIT] Token created by 'jffe@000': tokenId='dd85751a-5f1d-4ddd-9ed0-5d0f524bb87f', issuer='jffe@000', subject='jffe@000/users/admin', expiry=1615235364932, refreshable=false
2021-03-08T20:19:26.555Z [AUDIT] Token created by 'jffe@000': tokenId='58afe41d-084e-45b8-83d0-29974b2b8278', issuer='jffe@000', subject='jffe@000/users/admin', expiry=1615235366555, refreshable=false
2021-03-08T20:19:30.425Z [AUDIT] Token revoked by 'jffe@000': tokenId='ea870f9e-176c-4644-b83f-b960191f7ee4', issuer='jffe@000', subject='jffe@000/users/admin', expiry=1615236564588, refreshable=true
2021-03-08T20:28:28.042Z [AUDIT] Token created by 'jffe@000': tokenId='0cb572c5-060a-4421-95fa-9e932cab0434', issuer='jffe@000', subject='jffe@000/users/jffe@000', expiry=1615235908042, refreshable=false
2021-03-08T20:28:28.049Z [AUDIT] Token created by 'jffe@000': tokenId='69e15f27-4c52-4b0c-84e1-d94e27f8f005', issuer='jffe@000', subject='jffe@000/users/jffe@000', expiry=1615235908042, refreshable=false
2021-03-08T20:28:28.051Z [AUDIT] Token created by 'jffe@000': tokenId='9eddbd27-acf8-4604-aaa8-e710b9fefae2', issuer='jffe@000', subject='jffe@000/users/jffe@000', expiry=1615235908051, refreshable=false
2021-03-08T20:28:28.054Z [AUDIT] Token created by 'jffe@000': tokenId='09f36233-5733-472b-9ba4-664a2cdb0ed8', issuer='jffe@000', subject='jffe@000/users/jffe@000', expiry=1615235908054, refreshable=false
2021-03-08T20:38:28.246Z [AUDIT] Token created by 'jffe@000': tokenId='7e45ae1d-a667-4364-b8ae-88947f3c3206', issuer='jffe@000', subject='jffe@000/users/jffe@000', expiry=1615236508246, refreshable=false
2021-03-08T20:38:28.247Z [AUDIT] Token created by 'jffe@000': tokenId='3cb8b682-42da-42e5-9179-3b54085045df', issuer='jffe@000', subject='jffe@000/users/jffe@000', expiry=1615236508246, refreshable=false
2021-03-08T20:38:28.282Z [AUDIT] Token created by 'jffe@000': tokenId='16839ef7-e263-45dc-bfce-9840dedb6622', issuer='jffe@000', subject='jffe@000/users/jffe@000', expiry=1615236508282, refreshable=false
2021-03-08T20:38:28.295Z [AUDIT] Token created by 'jffe@000': tokenId='a5923c52-676d-437e-886a-fc306d29698d', issuer='jffe@000', subject='jffe@000/users/jffe@000', expiry=1615236508295, refreshable=false
2021-03-08T20:48:28.277Z [AUDIT] Token created by 'jffe@000': tokenId='cb130f74-1b2d-4cad-afac-5f603e61dd4c', issuer='jffe@000', subject='jffe@000/users/jffe@000', expiry=1615237108276, refreshable=false
2021-03-08T20:48:28.282Z [AUDIT] Token created by 'jffe@000': tokenId='9ada4c47-3a26-4842-9d08-1a8f550e56ef', issuer='jffe@000', subject='jffe@000/users/jffe@000', expiry=1615237108282, refreshable=false
2021-03-08T20:48:28.283Z [AUDIT] Token created by 'jffe@000': tokenId='62138e10-0f5a-4f76-a8d4-d5824ef137cb', issuer='jffe@000', subject='jffe@000/users/jffe@000', expiry=1615237108279, refreshable=false
2021-03-08T20:48:28.303Z [AUDIT] Token created by 'jffe@000': tokenId='d747dcce-241b-495a-9a37-f73af1c37ad8', issuer='jffe@000', subject='jffe@000/users/jffe@000', expiry=1615237108300, refreshable=false
2021-03-10T15:03:21.021Z [AUDIT] Token created by 'anonymous': tokenId='d531fd0f-6969-4bfe-b4fe-3225478b8647', issuer='jfrou@01ez5by93gf0scb2nqsd48azve', subject='jfrou@01ez5by93gf0scb2nqsd48azve', expiry=none, refreshable=false
2021-03-10T15:03:31.159Z [AUDIT] Token created by 'anonymous': tokenId='55b2136f-6853-44c6-adde-4c8edf258f8a', issuer='jfac@01ez5bxt5hq8xs0x7b2a210nwq', subject='jfac@01ez5bxt5hq8xs0x7b2a210nwq', expiry=1615388731144, refreshable=false
2021-03-10T15:03:31.686Z [AUDIT] Token created by 'anonymous': tokenId='9332c6bb-95e8-47dc-a23a-76e93346825b', issuer='jfmd@01ez5bybevrrz7agatfechpkze', subject='jfmd@01ez5bybevrrz7agatfechpkze', expiry=none, refreshable=false
2021-03-10T15:03:31.892Z [AUDIT] Token created by 'anonymous': tokenId='d5d7c01c-d9b2-46bc-926d-59d8cb4b9c6e', issuer='jfrt@01ez5bzeg9c3381pa6cqnw07b0', subject='jfrt@01ez5bzeg9c3381pa6cqnw07b0', expiry=none, refreshable=false
2021-03-10T15:03:34.477Z [AUDIT] Token created by 'jfrt@01ez5bzeg9c3381pa6cqnw07b0': tokenId='80b7fd88-963f-4dcf-a05a-733afe28f7cc', issuer='jfrt@01ez5bzeg9c3381pa6cqnw07b0', subject='jfrt@01ez5bzeg9c3381pa6cqnw07b0', expiry=2561468614473, refreshable=false
2021-03-10T15:03:44.563Z [AUDIT] Token created by 'anonymous': tokenId='1c441497-630e-40ad-acce-9870a94e4b4b', issuer='jffe@000', subject='jffe@000', expiry=none, refreshable=false
2021-03-10T15:03:44.676Z [AUDIT] Token created by 'jffe@000': tokenId='86c06469-ce79-4953-896d-b1caf796c760', issuer='jffe@000', subject='jffe@000/users/jffe@000', expiry=1615389224675, refreshable=false
