2021-02-22T17:16:48.939Z [jfmd ] [INFO ] [31ddae25259f386a] [security_keys.go:114          ] [main                ] - Master key is missing. Pending for 5 seconds with 2m0s timeout [init]
2021-02-22T17:16:54.017Z [jfmd ] [INFO ] [31ddae25259f386a] [security_keys.go:114          ] [main                ] - Master key is missing. Pending for 10 seconds with 2m0s timeout [init]
2021-02-22T17:16:59.034Z [jfmd ] [INFO ] [31ddae25259f386a] [security_keys.go:114          ] [main                ] - Master key is missing. Pending for 15 seconds with 2m0s timeout [init]
2021-02-22T17:17:04.121Z [jfmd ] [INFO ] [31ddae25259f386a] [security_keys.go:114          ] [main                ] - Master key is missing. Pending for 20 seconds with 2m0s timeout [init]
2021-02-22T17:17:09.138Z [jfmd ] [INFO ] [31ddae25259f386a] [security_keys.go:114          ] [main                ] - Master key is missing. Pending for 25 seconds with 2m0s timeout [init]
2021-02-22T17:17:14.189Z [jfmd ] [INFO ] [31ddae25259f386a] [security_keys.go:114          ] [main                ] - Master key is missing. Pending for 30 seconds with 2m0s timeout [init]
2021-02-22T17:17:19.223Z [jfmd ] [INFO ] [31ddae25259f386a] [security_keys.go:114          ] [main                ] - Master key is missing. Pending for 35 seconds with 2m0s timeout [init]
2021-02-22T17:17:24.236Z [jfmd ] [INFO ] [31ddae25259f386a] [security_keys.go:114          ] [main                ] - Master key is missing. Pending for 40 seconds with 2m0s timeout [init]
2021-02-22T17:17:29.391Z [jfmd ] [INFO ] [31ddae25259f386a] [security_keys.go:128          ] [main                ] - Cluster join: Join key is missing. Pending for 45 seconds with 2m0s timeout [init]
2021-02-22T17:17:34.579Z [jfmd ] [INFO ] [31ddae25259f386a] [security_keys.go:128          ] [main                ] - Cluster join: Join key is missing. Pending for 50 seconds with 2m0s timeout [init]
2021-02-22T17:17:39.604Z [jfmd ] [INFO ] [31ddae25259f386a] [database_bearer.go:101        ] [main                ] - Connecting to (db config: {sqlite /opt/jfrog/artifactory/var/data/metadata/sqlite.db?_fk=yes&_busy_timeout=5000&_txlock=immediate&cache=shared}) [database]
2021-02-22T17:17:40.501Z [jfmd ] [INFO ] [31ddae25259f386a] [migrator.go:60                ] [main                ] - Applying 43 migrations files [database]
2021-02-22T17:17:40.553Z [jfmd ] [INFO ] [31ddae25259f386a] [migrator.go:221               ] [main                ] - Migration v001_packages.sql successfully applied (4 statements) [database]
2021-02-22T17:17:40.574Z [jfmd ] [INFO ] [31ddae25259f386a] [migrator.go:221               ] [main                ] - Migration v002_versions.sql successfully applied (5 statements) [database]
2021-02-22T17:17:40.607Z [jfmd ] [INFO ] [31ddae25259f386a] [migrator.go:221               ] [main                ] - Migration v003_package_qualifiers.sql successfully applied (2 statements) [database]
2021-02-22T17:17:40.623Z [jfmd ] [INFO ] [31ddae25259f386a] [migrator.go:221               ] [main                ] - Migration v004_package_user_properties.sql successfully applied (3 statements) [database]
2021-02-22T17:17:40.641Z [jfmd ] [INFO ] [31ddae25259f386a] [migrator.go:221               ] [main                ] - Migration v005_package_tags.sql successfully applied (2 statements) [database]
2021-02-22T17:17:40.655Z [jfmd ] [INFO ] [31ddae25259f386a] [migrator.go:221               ] [main                ] - Migration v006_package_stats.sql successfully applied (1 statements) [database]
2021-02-22T17:17:40.673Z [jfmd ] [INFO ] [31ddae25259f386a] [migrator.go:221               ] [main                ] - Migration v007_sources.sql successfully applied (2 statements) [database]
2021-02-22T17:17:40.692Z [jfmd ] [INFO ] [31ddae25259f386a] [migrator.go:221               ] [main                ] - Migration v008_package_info_sources.sql successfully applied (3 statements) [database]
2021-02-22T17:17:40.706Z [jfmd ] [INFO ] [31ddae25259f386a] [migrator.go:221               ] [main                ] - Migration v009_servers.sql successfully applied (2 statements) [database]
2021-02-22T17:17:40.726Z [jfmd ] [INFO ] [31ddae25259f386a] [migrator.go:221               ] [main                ] - Migration v010_version_qualifiers.sql successfully applied (3 statements) [database]
2021-02-22T17:17:40.745Z [jfmd ] [INFO ] [31ddae25259f386a] [migrator.go:221               ] [main                ] - Migration v011_version_user_properties.sql successfully applied (3 statements) [database]
2021-02-22T17:17:40.765Z [jfmd ] [INFO ] [31ddae25259f386a] [migrator.go:221               ] [main                ] - Migration v012_version_tags.sql successfully applied (3 statements) [database]
2021-02-22T17:17:40.788Z [jfmd ] [INFO ] [31ddae25259f386a] [migrator.go:221               ] [main                ] - Migration v013_version_stats.sql successfully applied (1 statements) [database]
2021-02-22T17:17:40.803Z [jfmd ] [INFO ] [31ddae25259f386a] [migrator.go:221               ] [main                ] - Migration v014_licenses.sql successfully applied (2 statements) [database]
2021-02-22T17:17:40.820Z [jfmd ] [INFO ] [31ddae25259f386a] [migrator.go:221               ] [main                ] - Migration v015_files.sql successfully applied (5 statements) [database]
2021-02-22T17:17:40.835Z [jfmd ] [INFO ] [31ddae25259f386a] [migrator.go:221               ] [main                ] - Migration v016_file_qualifiers.sql successfully applied (3 statements) [database]
2021-02-22T17:17:40.857Z [jfmd ] [INFO ] [31ddae25259f386a] [migrator.go:221               ] [main                ] - Migration v017_package_licenses.sql successfully applied (3 statements) [database]
2021-02-22T17:17:40.876Z [jfmd ] [INFO ] [31ddae25259f386a] [migrator.go:221               ] [main                ] - Migration v018_version_licenses.sql successfully applied (3 statements) [database]
2021-02-22T17:17:40.894Z [jfmd ] [INFO ] [31ddae25259f386a] [migrator.go:221               ] [main                ] - Migration v019_files_versions.sql successfully applied (3 statements) [database]
2021-02-22T17:17:40.911Z [jfmd ] [INFO ] [31ddae25259f386a] [migrator.go:221               ] [main                ] - Migration v020_repo.sql successfully applied (2 statements) [database]
2021-02-22T17:17:40.925Z [jfmd ] [INFO ] [31ddae25259f386a] [migrator.go:221               ] [main                ] - Migration v021_lead_paths.sql successfully applied (4 statements) [database]
2021-02-22T17:17:41.316Z [jfmd ] [INFO ] [31ddae25259f386a] [migrator.go:221               ] [main                ] - Migration v022_package_descriptions.sql successfully applied (1 statements) [database]
2021-02-22T17:17:41.332Z [jfmd ] [INFO ] [31ddae25259f386a] [migrator.go:221               ] [main                ] - Migration v023_contributors.sql successfully applied (2 statements) [database]
2021-02-22T17:17:41.349Z [jfmd ] [INFO ] [31ddae25259f386a] [migrator.go:221               ] [main                ] - Migration v024_version_contributors.sql successfully applied (3 statements) [database]
2021-02-22T17:17:41.394Z [jfmd ] [INFO ] [31ddae25259f386a] [migrator.go:221               ] [main                ] - Migration v025_sharedconfigs.sql successfully applied (2 statements) [database]
2021-02-22T17:17:41.422Z [jfmd ] [INFO ] [31ddae25259f386a] [migrator.go:221               ] [main                ] - Migration v026_version_vulns.sql successfully applied (1 statements) [database]
2021-02-22T17:17:41.441Z [jfmd ] [INFO ] [31ddae25259f386a] [migrator.go:221               ] [main                ] - Migration v027_package_vulns.sql successfully applied (1 statements) [database]
2021-02-22T17:17:41.462Z [jfmd ] [INFO ] [31ddae25259f386a] [migrator.go:221               ] [main                ] - Migration v028_versions_ordinal_index.sql successfully applied (1 statements) [database]
2021-02-22T17:17:41.479Z [jfmd ] [INFO ] [31ddae25259f386a] [migrator.go:221               ] [main                ] - Migration v029_qualifier_user_prop_length.sql successfully applied (0 statements) [database]
2021-02-22T17:17:41.497Z [jfmd ] [INFO ] [31ddae25259f386a] [migrator.go:221               ] [main                ] - Migration v030_version_addcolumn_size.sql successfully applied (1 statements) [database]
2021-02-22T17:17:41.512Z [jfmd ] [INFO ] [31ddae25259f386a] [migrator.go:221               ] [main                ] - Migration v031_package_add_base_model_complete.sql successfully applied (1 statements) [database]
2021-02-22T17:17:41.536Z [jfmd ] [INFO ] [31ddae25259f386a] [migrator.go:221               ] [main                ] - Migration v032_rename_stats_columns.sql successfully applied (3 statements) [database]
2021-02-22T17:17:41.703Z [jfmd ] [INFO ] [31ddae25259f386a] [migrator.go:221               ] [main                ] - Migration v033_rename_size_column.sql successfully applied (1 statements) [database]
2021-02-22T17:17:41.737Z [jfmd ] [INFO ] [31ddae25259f386a] [migrator.go:221               ] [main                ] - Migration v034_ver_stats_fk_ver_repos_fk.sql successfully applied (11 statements) [database]
2021-02-22T17:17:41.936Z [jfmd ] [INFO ] [31ddae25259f386a] [migrator.go:221               ] [main                ] - Migration v035_files_unique_name_sha256.sql successfully applied (4 statements) [database]
2021-02-22T17:17:41.957Z [jfmd ] [INFO ] [31ddae25259f386a] [migrator.go:221               ] [main                ] - Migration v036_version_add_modified.sql successfully applied (1 statements) [database]
2021-02-22T17:17:41.982Z [jfmd ] [INFO ] [31ddae25259f386a] [migrator.go:221               ] [main                ] - Migration v037_version_add_base_model_complete.sql successfully applied (1 statements) [database]
2021-02-22T17:17:42.000Z [jfmd ] [INFO ] [31ddae25259f386a] [migrator.go:221               ] [main                ] - Migration v038_file_targets.sql successfully applied (2 statements) [database]
2021-02-22T17:17:42.021Z [jfmd ] [INFO ] [31ddae25259f386a] [migrator.go:221               ] [main                ] - Migration v039_file_targets_fk.sql successfully applied (1 statements) [database]
2021-02-22T17:17:42.103Z [jfmd ] [INFO ] [31ddae25259f386a] [migrator.go:221               ] [main                ] - Migration v042_async_data_converter.sql successfully applied (5 statements) [database]
2021-02-22T17:17:42.125Z [jfmd ] [INFO ] [31ddae25259f386a] [migrator.go:221               ] [main                ] - Migration v043_add_mark_for_deletion.sql successfully applied (3 statements) [database]
2021-02-22T17:17:42.144Z [jfmd ] [INFO ] [31ddae25259f386a] [migrator.go:221               ] [main                ] - Migration v044_add_dependant_task.sql successfully applied (1 statements) [database]
2021-02-22T17:17:42.157Z [jfmd ] [INFO ] [31ddae25259f386a] [migrator.go:221               ] [main                ] - Migration v045_delete_reorder_prerelease_version_task.sql successfully applied (1 statements) [database]
2021-02-22T17:17:42.172Z [jfmd ] [INFO ] [31ddae25259f386a] [migrator.go:69                ] [main                ] - Applied 106 database migrations statements in 1.665903588s seconds [database]
2021-02-22T17:17:42.685Z [jfmd ] [INFO ] [31ddae25259f386a] [application.go:68             ] [main                ] - Metadata (jfmd) service initialization started. Version: v7.15.2 Revision: c8ae57f7cbb PID: 3431 Home: /opt/jfrog/artifactory/var [app_initializer]
2021-02-22T17:17:42.825Z [jfmd ] [INFO ] [31ddae25259f386a] [server_bearer.go:158          ] [main                ] - Created service_id and pushed to store: jfmd@01ez5bybevrrz7agatfechpkze [ServerInit]
2021-02-22T17:17:47.041Z [jfmd ] [INFO ] [31ddae25259f386a] [accessclient.go:57            ] [main                ] - Cluster join: Retry 5: Service registry ping failed, will retry. Error: Error while trying to connect to local router at address 'http://localhost:8046/access': Get "http://localhost:8046/access/api/v1/system/ping": dial tcp 127.0.0.1:8046: connect: connection refused [access_client]
2021-02-22T17:17:52.212Z [jfmd ] [INFO ] [31ddae25259f386a] [accessclient.go:57            ] [main                ] - Cluster join: Retry 10: Service registry ping failed, will retry. Error: Error while trying to connect to local router at address 'http://localhost:8046/access': Get "http://localhost:8046/access/api/v1/system/ping": dial tcp 127.0.0.1:8046: connect: connection refused [access_client]
2021-02-22T17:17:57.459Z [jfmd ] [INFO ] [31ddae25259f386a] [accessclient.go:57            ] [main                ] - Cluster join: Retry 15: Service registry ping failed, will retry. Error: Error while trying to connect to local router at address 'http://localhost:8046/access': Failed to access :http://localhost:8046/access/api/v1/system/ping return status code : 404 [access_client]
2021-02-22T17:17:58.728Z [jfmd ] [INFO ] [31ddae25259f386a] [accessclient.go:57            ] [main                ] - Cluster join: Successfully joined the cluster [access_client]
2021-02-22T17:17:58.728Z [jfmd ] [INFO ] [31ddae25259f386a] [accessclient.go:57            ] [main                ] - Cluster join: executing Router register at: localhost:8046 for service id jfmd@01ez5bybevrrz7agatfechpkze [access_client]
2021-02-22T17:17:58.837Z [jfmd ] [INFO ] [31ddae25259f386a] [async_converter.go:198        ] [main                ] - Starting async converter routine [async_converter] [workerNumber][1]
2021-02-22T17:17:58.837Z [jfmd ] [INFO ] [31ddae25259f386a] [router_middlewares.go:55      ] [main                ] - 
Metadata Info
========================

Shared.NewRelic.DistributedTracerEnabled             | true
Logging.Application.Level                            | info
Logging.Application.Rotation.Compress                | true
Logging.Application.Rotation.IntervalSeconds         | 0
Database.Type                                        | 1
Keys.ReadIntervalDuration                            | 1s
Shared.NewRelic.AppName                              | 
Logging.Request.Rotation.MaxFiles                    | 10
Logging.Request.Rotation.IntervalSeconds             | 0
AccessClient.Url                                     | http://localhost:8081/access
AccessClient.JoinTimeout                             | 3m0s
Keys.ReadAttempts                                    | 120
Profiling.Enabled                                    | false
Shared.NewRelic.Enabled                              | false
Shared.NewRelic.EnableDebugLog                       | false
Logging.Application.FilePath                         | metadata-service.log
Logging.Application.Rotation.MaxFiles                | 10
Logging.Request.Rotation.MaxSizeMb                   | 25
Port                                                 | 8086
Logging.Application.Rotation.MaxSizeMb               | 25
Logging.Application.Rotation.MaxAgeDays              | 365
Logging.Request.FilePath                             | metadata-request.log
Logging.Request.Rotation.MaxAgeDays                  | 365
Logging.Request.Rotation.Compress                    | true

2021-02-22T17:17:58.838Z [jfmd ] [INFO ] [31ddae25259f386a] [router_middlewares.go:56      ] [main                ] - Metadata (jfmd) service initialization completed in 16.091 seconds. Listening on port: 8086 [router]
2021-02-22T20:00:44.831Z [jfmd ] [ERROR] [31ddae25259f386a] [compatibility_logger.go:28    ] [main                ] - Refreshing project change events gRPC stream - got an error (status code: Internal) - resubscribe expected [access_client]
2021-02-22T20:00:44.826Z [jfmd ] [ERROR] [31ddae25259f386a] [compatibility_logger.go:28    ] [main                ] - Refreshing permissions cache invalidation gRPC stream - got an error (status code: Internal) - resubscribe expected [access_client]
2021-02-22T20:00:44.859Z [jfmd ] [ERROR] [31ddae25259f386a] [compatibility_logger.go:28    ] [main                ] - Refreshing project change events gRPC stream - got an error (status code: Unimplemented) - resubscribe expected [access_client]
2021-02-22T20:00:44.860Z [jfmd ] [ERROR] [31ddae25259f386a] [compatibility_logger.go:28    ] [main                ] - Refreshing permissions cache invalidation gRPC stream - got an error (status code: Unimplemented) - resubscribe expected [access_client]
2021-02-22T20:00:44.873Z [jfmd ] [ERROR] [31ddae25259f386a] [compatibility_logger.go:28    ] [main                ] - Refreshing project change events gRPC stream - got an error (status code: Unimplemented) - resubscribe expected [access_client]
2021-02-22T20:00:44.873Z [jfmd ] [ERROR] [31ddae25259f386a] [compatibility_logger.go:28    ] [main                ] - Refreshing permissions cache invalidation gRPC stream - got an error (status code: Unimplemented) - resubscribe expected [access_client]
2021-02-22T20:00:44.895Z [jfmd ] [ERROR] [31ddae25259f386a] [compatibility_logger.go:28    ] [main                ] - Refreshing project change events gRPC stream - got an error (status code: Unimplemented) - resubscribe expected [access_client]
2021-02-22T20:00:44.904Z [jfmd ] [ERROR] [31ddae25259f386a] [compatibility_logger.go:28    ] [main                ] - Refreshing permissions cache invalidation gRPC stream - got an error (status code: Unimplemented) - resubscribe expected [access_client]
2021-02-22T20:00:44.947Z [jfmd ] [ERROR] [31ddae25259f386a] [compatibility_logger.go:28    ] [main                ] - Refreshing project change events gRPC stream - got an error (status code: Unimplemented) - resubscribe expected [access_client]
2021-02-22T20:00:44.952Z [jfmd ] [ERROR] [31ddae25259f386a] [compatibility_logger.go:28    ] [main                ] - Refreshing permissions cache invalidation gRPC stream - got an error (status code: Unimplemented) - resubscribe expected [access_client]
2021-02-22T20:00:45.042Z [jfmd ] [ERROR] [31ddae25259f386a] [compatibility_logger.go:28    ] [main                ] - Refreshing project change events gRPC stream - got an error (status code: Unimplemented) - resubscribe expected [access_client]
2021-02-22T20:00:45.041Z [jfmd ] [ERROR] [31ddae25259f386a] [compatibility_logger.go:28    ] [main                ] - Refreshing permissions cache invalidation gRPC stream - got an error (status code: Unimplemented) - resubscribe expected [access_client]
2021-02-22T20:00:45.220Z [jfmd ] [ERROR] [31ddae25259f386a] [compatibility_logger.go:28    ] [main                ] - Refreshing permissions cache invalidation gRPC stream - got an error (status code: Unimplemented) - resubscribe expected [access_client]
2021-02-22T20:00:45.228Z [jfmd ] [ERROR] [31ddae25259f386a] [compatibility_logger.go:28    ] [main                ] - Refreshing project change events gRPC stream - got an error (status code: Unimplemented) - resubscribe expected [access_client]
2021-02-22T20:00:45.547Z [jfmd ] [ERROR] [31ddae25259f386a] [compatibility_logger.go:28    ] [main                ] - Refreshing permissions cache invalidation gRPC stream - got an error (status code: Unimplemented) - resubscribe expected [access_client]
2021-02-22T20:00:45.554Z [jfmd ] [ERROR] [31ddae25259f386a] [compatibility_logger.go:28    ] [main                ] - Refreshing project change events gRPC stream - got an error (status code: Unimplemented) - resubscribe expected [access_client]
2021-02-22T20:00:46.207Z [jfmd ] [ERROR] [31ddae25259f386a] [compatibility_logger.go:28    ] [main                ] - Refreshing permissions cache invalidation gRPC stream - got an error (status code: Unimplemented) - resubscribe expected [access_client]
2021-02-22T20:00:46.230Z [jfmd ] [ERROR] [31ddae25259f386a] [compatibility_logger.go:28    ] [main                ] - Refreshing project change events gRPC stream - got an error (status code: Unimplemented) - resubscribe expected [access_client]
2021-02-22T20:00:47.499Z [jfmd ] [ERROR] [31ddae25259f386a] [compatibility_logger.go:28    ] [main                ] - Refreshing permissions cache invalidation gRPC stream - got an error (status code: Unimplemented) - resubscribe expected [access_client]
2021-02-22T20:00:47.516Z [jfmd ] [ERROR] [31ddae25259f386a] [compatibility_logger.go:28    ] [main                ] - Refreshing project change events gRPC stream - got an error (status code: Unimplemented) - resubscribe expected [access_client]
2021-03-07T13:54:32.378Z [jfmd ] [INFO ] [1ae328f9498bdf5f] [database_bearer.go:101        ] [main                ] - Connecting to (db config: {sqlite /opt/jfrog/artifactory/var/data/metadata/sqlite.db?_fk=yes&_busy_timeout=5000&_txlock=immediate&cache=shared}) [database]
2021-03-07T13:54:32.458Z [jfmd ] [INFO ] [1ae328f9498bdf5f] [migrator.go:60                ] [main                ] - Applying 43 migrations files [database]
2021-03-07T13:54:32.962Z [jfmd ] [INFO ] [1ae328f9498bdf5f] [application.go:68             ] [main                ] - Metadata (jfmd) service initialization started. Version: v7.15.2 Revision: c8ae57f7cbb PID: 3114 Home: /opt/jfrog/artifactory/var [app_initializer]
2021-03-07T13:54:32.971Z [jfmd ] [INFO ] [1ae328f9498bdf5f] [server_bearer.go:156          ] [main                ] - Got service_id from datastore: jfmd@01ez5bybevrrz7agatfechpkze [ServerInit]
2021-03-07T13:54:37.022Z [jfmd ] [INFO ] [1ae328f9498bdf5f] [accessclient.go:57            ] [main                ] - Cluster join: Retry 5: Service registry ping failed, will retry. Error: Error while trying to connect to local router at address 'http://localhost:8046/access': Get "http://localhost:8046/access/api/v1/system/ping": dial tcp 127.0.0.1:8046: connect: connection refused [access_client]
2021-03-07T13:54:42.045Z [jfmd ] [INFO ] [1ae328f9498bdf5f] [accessclient.go:57            ] [main                ] - Cluster join: Retry 10: Service registry ping failed, will retry. Error: Error while trying to connect to local router at address 'http://localhost:8046/access': Get "http://localhost:8046/access/api/v1/system/ping": dial tcp 127.0.0.1:8046: connect: connection refused [access_client]
2021-03-07T13:54:47.065Z [jfmd ] [INFO ] [1ae328f9498bdf5f] [accessclient.go:57            ] [main                ] - Cluster join: Retry 15: Service registry ping failed, will retry. Error: Error while trying to connect to local router at address 'http://localhost:8046/access': Get "http://localhost:8046/access/api/v1/system/ping": dial tcp 127.0.0.1:8046: connect: connection refused [access_client]
2021-03-07T13:54:52.076Z [jfmd ] [INFO ] [1ae328f9498bdf5f] [accessclient.go:57            ] [main                ] - Cluster join: Retry 20: Service registry ping failed, will retry. Error: Error while trying to connect to local router at address 'http://localhost:8046/access': Get "http://localhost:8046/access/api/v1/system/ping": dial tcp 127.0.0.1:8046: connect: connection refused [access_client]
2021-03-07T13:54:57.119Z [jfmd ] [INFO ] [1ae328f9498bdf5f] [accessclient.go:57            ] [main                ] - Cluster join: Retry 25: Service registry ping failed, will retry. Error: Error while trying to connect to local router at address 'http://localhost:8046/access': Get "http://localhost:8046/access/api/v1/system/ping": dial tcp 127.0.0.1:8046: connect: connection refused [access_client]
2021-03-07T13:55:02.143Z [jfmd ] [INFO ] [1ae328f9498bdf5f] [accessclient.go:57            ] [main                ] - Cluster join: Retry 30: Service registry ping failed, will retry. Error: Error while trying to connect to local router at address 'http://localhost:8046/access': Get "http://localhost:8046/access/api/v1/system/ping": dial tcp 127.0.0.1:8046: connect: connection refused [access_client]
2021-03-07T13:55:07.284Z [jfmd ] [INFO ] [1ae328f9498bdf5f] [accessclient.go:57            ] [main                ] - Cluster join: Retry 35: Service registry ping failed, will retry. Error: Error while trying to connect to local router at address 'http://localhost:8046/access': Get "http://localhost:8046/access/api/v1/system/ping": dial tcp 127.0.0.1:8046: connect: connection refused [access_client]
2021-03-07T13:55:12.314Z [jfmd ] [INFO ] [1ae328f9498bdf5f] [accessclient.go:57            ] [main                ] - Cluster join: Retry 40: Service registry ping failed, will retry. Error: Error while trying to connect to local router at address 'http://localhost:8046/access': Get "http://localhost:8046/access/api/v1/system/ping": dial tcp 127.0.0.1:8046: connect: connection refused [access_client]
2021-03-07T13:55:17.375Z [jfmd ] [INFO ] [1ae328f9498bdf5f] [accessclient.go:57            ] [main                ] - Cluster join: Retry 45: Service registry ping failed, will retry. Error: Error while trying to connect to local router at address 'http://localhost:8046/access': Get "http://localhost:8046/access/api/v1/system/ping": dial tcp 127.0.0.1:8046: connect: connection refused [access_client]
2021-03-07T13:55:22.488Z [jfmd ] [INFO ] [1ae328f9498bdf5f] [accessclient.go:57            ] [main                ] - Cluster join: Retry 50: Service registry ping failed, will retry. Error: Error while trying to connect to local router at address 'http://localhost:8046/access': Get "http://localhost:8046/access/api/v1/system/ping": dial tcp 127.0.0.1:8046: connect: connection refused [access_client]
2021-03-07T13:55:27.526Z [jfmd ] [INFO ] [1ae328f9498bdf5f] [accessclient.go:57            ] [main                ] - Cluster join: Retry 55: Service registry ping failed, will retry. Error: Error while trying to connect to local router at address 'http://localhost:8046/access': Get "http://localhost:8046/access/api/v1/system/ping": dial tcp 127.0.0.1:8046: connect: connection refused [access_client]
2021-03-07T13:55:32.751Z [jfmd ] [INFO ] [1ae328f9498bdf5f] [accessclient.go:57            ] [main                ] - Cluster join: Retry 60: Service registry ping failed, will retry. Error: Error while trying to connect to local router at address 'http://localhost:8046/access': Get "http://localhost:8046/access/api/v1/system/ping": dial tcp 127.0.0.1:8046: connect: connection refused [access_client]
2021-03-07T13:55:37.974Z [jfmd ] [INFO ] [1ae328f9498bdf5f] [accessclient.go:57            ] [main                ] - Cluster join: Retry 65: Service registry ping failed, will retry. Error: Error while trying to connect to local router at address 'http://localhost:8046/access': Failed to access :http://localhost:8046/access/api/v1/system/ping return status code : 404 [access_client]
2021-03-07T13:55:43.006Z [jfmd ] [INFO ] [1ae328f9498bdf5f] [accessclient.go:57            ] [main                ] - Cluster join: Retry 70: Service registry ping failed, will retry. Error: Error while trying to connect to local router at address 'http://localhost:8046/access': Failed to access :http://localhost:8046/access/api/v1/system/ping return status code : 404 [access_client]
2021-03-07T13:55:44.616Z [jfmd ] [INFO ] [1ae328f9498bdf5f] [accessclient.go:57            ] [main                ] - Cluster join: Successfully joined the cluster [access_client]
2021-03-07T13:55:44.617Z [jfmd ] [INFO ] [1ae328f9498bdf5f] [accessclient.go:57            ] [main                ] - Cluster join: executing Router register at: localhost:8046 for service id jfmd@01ez5bybevrrz7agatfechpkze [access_client]
2021-03-07T13:55:44.716Z [jfmd ] [INFO ] [1ae328f9498bdf5f] [router_middlewares.go:55      ] [main                ] - 
Metadata Info
========================

Logging.Request.Rotation.IntervalSeconds             | 0
Keys.ReadAttempts                                    | 120
Profiling.Enabled                                    | false
Port                                                 | 8086
Shared.NewRelic.EnableDebugLog                       | false
Logging.Application.Rotation.Compress                | true
Logging.Request.FilePath                             | metadata-request.log
AccessClient.Url                                     | http://localhost:8081/access
AccessClient.JoinTimeout                             | 3m0s
Logging.Application.FilePath                         | metadata-service.log
Logging.Application.Level                            | info
Logging.Application.Rotation.MaxSizeMb               | 25
Logging.Application.Rotation.MaxFiles                | 10
Logging.Application.Rotation.MaxAgeDays              | 365
Shared.NewRelic.DistributedTracerEnabled             | true
Logging.Request.Rotation.MaxFiles                    | 10
Logging.Request.Rotation.Compress                    | true
Database.Type                                        | 1
Keys.ReadIntervalDuration                            | 1s
Shared.NewRelic.Enabled                              | false
Shared.NewRelic.AppName                              | 
Logging.Application.Rotation.IntervalSeconds         | 0
Logging.Request.Rotation.MaxSizeMb                   | 25
Logging.Request.Rotation.MaxAgeDays                  | 365

2021-03-07T13:55:44.717Z [jfmd ] [INFO ] [1ae328f9498bdf5f] [router_middlewares.go:56      ] [main                ] - Metadata (jfmd) service initialization completed in 71.754 seconds. Listening on port: 8086 [router]
2021-03-07T13:55:44.730Z [jfmd ] [INFO ] [1ae328f9498bdf5f] [async_converter.go:198        ] [main                ] - Starting async converter routine [async_converter] [workerNumber][1]
2021-03-07T14:42:57.102Z [jfmd ] [ERROR] [1ae328f9498bdf5f] [compatibility_logger.go:28    ] [main                ] - Refreshing permissions cache invalidation gRPC stream - got an error (status code: Internal) - resubscribe expected [access_client]
2021-03-07T14:42:57.109Z [jfmd ] [ERROR] [1ae328f9498bdf5f] [compatibility_logger.go:28    ] [main                ] - Refreshing permissions cache invalidation gRPC stream - got an error (status code: Unimplemented) - resubscribe expected [access_client]
2021-03-07T14:42:57.118Z [jfmd ] [ERROR] [1ae328f9498bdf5f] [compatibility_logger.go:28    ] [main                ] - Refreshing project change events gRPC stream - got an error (status code: Internal) - resubscribe expected [access_client]
2021-03-07T14:42:57.123Z [jfmd ] [ERROR] [1ae328f9498bdf5f] [compatibility_logger.go:28    ] [main                ] - Refreshing permissions cache invalidation gRPC stream - got an error (status code: Unimplemented) - resubscribe expected [access_client]
2021-03-07T14:42:57.126Z [jfmd ] [ERROR] [1ae328f9498bdf5f] [compatibility_logger.go:28    ] [main                ] - Refreshing project change events gRPC stream - got an error (status code: Unimplemented) - resubscribe expected [access_client]
2021-03-07T14:42:57.143Z [jfmd ] [ERROR] [1ae328f9498bdf5f] [compatibility_logger.go:28    ] [main                ] - Refreshing project change events gRPC stream - got an error (status code: Unimplemented) - resubscribe expected [access_client]
2021-03-07T14:42:57.147Z [jfmd ] [ERROR] [1ae328f9498bdf5f] [compatibility_logger.go:28    ] [main                ] - Refreshing permissions cache invalidation gRPC stream - got an error (status code: Unimplemented) - resubscribe expected [access_client]
2021-03-07T14:42:57.167Z [jfmd ] [ERROR] [1ae328f9498bdf5f] [compatibility_logger.go:28    ] [main                ] - Refreshing project change events gRPC stream - got an error (status code: Unimplemented) - resubscribe expected [access_client]
2021-03-07T14:42:57.195Z [jfmd ] [ERROR] [1ae328f9498bdf5f] [compatibility_logger.go:28    ] [main                ] - Refreshing permissions cache invalidation gRPC stream - got an error (status code: Unimplemented) - resubscribe expected [access_client]
2021-03-07T14:42:57.213Z [jfmd ] [ERROR] [1ae328f9498bdf5f] [compatibility_logger.go:28    ] [main                ] - Refreshing project change events gRPC stream - got an error (status code: Unimplemented) - resubscribe expected [access_client]
2021-03-07T14:42:57.283Z [jfmd ] [ERROR] [1ae328f9498bdf5f] [compatibility_logger.go:28    ] [main                ] - Refreshing permissions cache invalidation gRPC stream - got an error (status code: Unimplemented) - resubscribe expected [access_client]
2021-03-07T14:42:57.296Z [jfmd ] [ERROR] [1ae328f9498bdf5f] [compatibility_logger.go:28    ] [main                ] - Refreshing project change events gRPC stream - got an error (status code: Unimplemented) - resubscribe expected [access_client]
2021-03-07T14:42:57.446Z [jfmd ] [ERROR] [1ae328f9498bdf5f] [compatibility_logger.go:28    ] [main                ] - Refreshing permissions cache invalidation gRPC stream - got an error (status code: Unimplemented) - resubscribe expected [access_client]
2021-03-07T14:42:57.460Z [jfmd ] [ERROR] [1ae328f9498bdf5f] [compatibility_logger.go:28    ] [main                ] - Refreshing project change events gRPC stream - got an error (status code: Unimplemented) - resubscribe expected [access_client]
2021-03-07T14:42:57.770Z [jfmd ] [ERROR] [1ae328f9498bdf5f] [compatibility_logger.go:28    ] [main                ] - Refreshing permissions cache invalidation gRPC stream - got an error (status code: Unimplemented) - resubscribe expected [access_client]
2021-03-07T14:42:57.784Z [jfmd ] [ERROR] [1ae328f9498bdf5f] [compatibility_logger.go:28    ] [main                ] - Refreshing project change events gRPC stream - got an error (status code: Unimplemented) - resubscribe expected [access_client]
2021-03-07T14:42:58.415Z [jfmd ] [ERROR] [1ae328f9498bdf5f] [compatibility_logger.go:28    ] [main                ] - Refreshing permissions cache invalidation gRPC stream - got an error (status code: Unimplemented) - resubscribe expected [access_client]
2021-03-07T14:42:58.426Z [jfmd ] [ERROR] [1ae328f9498bdf5f] [compatibility_logger.go:28    ] [main                ] - Refreshing project change events gRPC stream - got an error (status code: Unimplemented) - resubscribe expected [access_client]
2021-03-07T14:42:59.697Z [jfmd ] [ERROR] [1ae328f9498bdf5f] [compatibility_logger.go:28    ] [main                ] - Refreshing permissions cache invalidation gRPC stream - got an error (status code: Unimplemented) - resubscribe expected [access_client]
2021-03-07T14:42:59.710Z [jfmd ] [ERROR] [1ae328f9498bdf5f] [compatibility_logger.go:28    ] [main                ] - Refreshing project change events gRPC stream - got an error (status code: Unimplemented) - resubscribe expected [access_client]
2021-03-08T20:01:27.886Z [jfmd ] [INFO ] [4765ff1377c532ff] [database_bearer.go:101        ] [main                ] - Connecting to (db config: {sqlite /opt/jfrog/artifactory/var/data/metadata/sqlite.db?_fk=yes&_busy_timeout=5000&_txlock=immediate&cache=shared}) [database]
2021-03-08T20:01:28.314Z [jfmd ] [INFO ] [4765ff1377c532ff] [migrator.go:60                ] [main                ] - Applying 43 migrations files [database]
2021-03-08T20:01:28.817Z [jfmd ] [INFO ] [4765ff1377c532ff] [application.go:68             ] [main                ] - Metadata (jfmd) service initialization started. Version: v7.15.2 Revision: c8ae57f7cbb PID: 3123 Home: /opt/jfrog/artifactory/var [app_initializer]
2021-03-08T20:01:28.926Z [jfmd ] [INFO ] [4765ff1377c532ff] [server_bearer.go:156          ] [main                ] - Got service_id from datastore: jfmd@01ez5bybevrrz7agatfechpkze [ServerInit]
2021-03-08T20:01:32.990Z [jfmd ] [INFO ] [4765ff1377c532ff] [accessclient.go:57            ] [main                ] - Cluster join: Retry 5: Service registry ping failed, will retry. Error: Error while trying to connect to local router at address 'http://localhost:8046/access': Get "http://localhost:8046/access/api/v1/system/ping": dial tcp 127.0.0.1:8046: connect: connection refused [access_client]
2021-03-08T20:01:38.003Z [jfmd ] [INFO ] [4765ff1377c532ff] [accessclient.go:57            ] [main                ] - Cluster join: Retry 10: Service registry ping failed, will retry. Error: Error while trying to connect to local router at address 'http://localhost:8046/access': Get "http://localhost:8046/access/api/v1/system/ping": dial tcp 127.0.0.1:8046: connect: connection refused [access_client]
2021-03-08T20:01:43.021Z [jfmd ] [INFO ] [4765ff1377c532ff] [accessclient.go:57            ] [main                ] - Cluster join: Retry 15: Service registry ping failed, will retry. Error: Error while trying to connect to local router at address 'http://localhost:8046/access': Get "http://localhost:8046/access/api/v1/system/ping": dial tcp 127.0.0.1:8046: connect: connection refused [access_client]
2021-03-08T20:01:48.054Z [jfmd ] [INFO ] [4765ff1377c532ff] [accessclient.go:57            ] [main                ] - Cluster join: Retry 20: Service registry ping failed, will retry. Error: Error while trying to connect to local router at address 'http://localhost:8046/access': Get "http://localhost:8046/access/api/v1/system/ping": dial tcp 127.0.0.1:8046: connect: connection refused [access_client]
2021-03-08T20:01:53.510Z [jfmd ] [INFO ] [4765ff1377c532ff] [accessclient.go:57            ] [main                ] - Cluster join: Retry 25: Service registry ping failed, will retry. Error: Error while trying to connect to local router at address 'http://localhost:8046/access': Get "http://localhost:8046/access/api/v1/system/ping": dial tcp 127.0.0.1:8046: connect: connection refused [access_client]
2021-03-08T20:01:58.651Z [jfmd ] [INFO ] [4765ff1377c532ff] [accessclient.go:57            ] [main                ] - Cluster join: Retry 30: Service registry ping failed, will retry. Error: Error while trying to connect to local router at address 'http://localhost:8046/access': Get "http://localhost:8046/access/api/v1/system/ping": dial tcp 127.0.0.1:8046: connect: connection refused [access_client]
2021-03-08T20:02:03.842Z [jfmd ] [INFO ] [4765ff1377c532ff] [accessclient.go:57            ] [main                ] - Cluster join: Retry 35: Service registry ping failed, will retry. Error: Error while trying to connect to local router at address 'http://localhost:8046/access': Get "http://localhost:8046/access/api/v1/system/ping": dial tcp 127.0.0.1:8046: connect: connection refused [access_client]
2021-03-08T20:02:08.917Z [jfmd ] [INFO ] [4765ff1377c532ff] [accessclient.go:57            ] [main                ] - Cluster join: Retry 40: Service registry ping failed, will retry. Error: Error while trying to connect to local router at address 'http://localhost:8046/access': Get "http://localhost:8046/access/api/v1/system/ping": dial tcp 127.0.0.1:8046: connect: connection refused [access_client]
2021-03-08T20:02:13.939Z [jfmd ] [INFO ] [4765ff1377c532ff] [accessclient.go:57            ] [main                ] - Cluster join: Retry 45: Service registry ping failed, will retry. Error: Error while trying to connect to local router at address 'http://localhost:8046/access': Get "http://localhost:8046/access/api/v1/system/ping": dial tcp 127.0.0.1:8046: connect: connection refused [access_client]
2021-03-08T20:02:19.068Z [jfmd ] [INFO ] [4765ff1377c532ff] [accessclient.go:57            ] [main                ] - Cluster join: Retry 50: Service registry ping failed, will retry. Error: Error while trying to connect to local router at address 'http://localhost:8046/access': Failed to access :http://localhost:8046/access/api/v1/system/ping return status code : 404 [access_client]
2021-03-08T20:02:20.259Z [jfmd ] [INFO ] [4765ff1377c532ff] [accessclient.go:57            ] [main                ] - Cluster join: Successfully joined the cluster [access_client]
2021-03-08T20:02:20.259Z [jfmd ] [INFO ] [4765ff1377c532ff] [accessclient.go:57            ] [main                ] - Cluster join: executing Router register at: localhost:8046 for service id jfmd@01ez5bybevrrz7agatfechpkze [access_client]
2021-03-08T20:02:20.328Z [jfmd ] [INFO ] [4765ff1377c532ff] [router_middlewares.go:55      ] [main                ] - 
Metadata Info
========================

Logging.Request.Rotation.MaxSizeMb                   | 25
Logging.Request.Rotation.IntervalSeconds             | 0
AccessClient.Url                                     | http://localhost:8081/access
AccessClient.JoinTimeout                             | 3m0s
Logging.Request.Rotation.MaxAgeDays                  | 365
Keys.ReadIntervalDuration                            | 1s
Profiling.Enabled                                    | false
Logging.Application.FilePath                         | metadata-service.log
Logging.Application.Level                            | info
Logging.Application.Rotation.MaxFiles                | 10
Logging.Application.Rotation.Compress                | true
Logging.Application.Rotation.IntervalSeconds         | 0
Shared.NewRelic.Enabled                              | false
Shared.NewRelic.EnableDebugLog                       | false
Logging.Request.FilePath                             | metadata-request.log
Logging.Request.Rotation.MaxFiles                    | 10
Database.Type                                        | 1
Keys.ReadAttempts                                    | 120
Port                                                 | 8086
Shared.NewRelic.AppName                              | 
Shared.NewRelic.DistributedTracerEnabled             | true
Logging.Application.Rotation.MaxSizeMb               | 25
Logging.Application.Rotation.MaxAgeDays              | 365
Logging.Request.Rotation.Compress                    | true

2021-03-08T20:02:20.329Z [jfmd ] [INFO ] [4765ff1377c532ff] [router_middlewares.go:56      ] [main                ] - Metadata (jfmd) service initialization completed in 51.409 seconds. Listening on port: 8086 [router]
2021-03-08T20:02:20.328Z [jfmd ] [INFO ] [4765ff1377c532ff] [async_converter.go:198        ] [main                ] - Starting async converter routine [async_converter] [workerNumber][1]
2021-03-08T20:15:02.224Z [jfmd ] [INFO ] [386dcfdd32c726ba] [database_bearer.go:101        ] [main                ] - Connecting to (db config: {sqlite /opt/jfrog/artifactory/var/data/metadata/sqlite.db?_fk=yes&_busy_timeout=5000&_txlock=immediate&cache=shared}) [database]
2021-03-08T20:15:02.268Z [jfmd ] [INFO ] [386dcfdd32c726ba] [migrator.go:60                ] [main                ] - Applying 43 migrations files [database]
2021-03-08T20:15:02.772Z [jfmd ] [INFO ] [386dcfdd32c726ba] [application.go:68             ] [main                ] - Metadata (jfmd) service initialization started. Version: v7.15.2 Revision: c8ae57f7cbb PID: 3123 Home: /opt/jfrog/artifactory/var [app_initializer]
2021-03-08T20:15:02.774Z [jfmd ] [INFO ] [386dcfdd32c726ba] [server_bearer.go:156          ] [main                ] - Got service_id from datastore: jfmd@01ez5bybevrrz7agatfechpkze [ServerInit]
2021-03-08T20:15:06.849Z [jfmd ] [INFO ] [386dcfdd32c726ba] [accessclient.go:57            ] [main                ] - Cluster join: Retry 5: Service registry ping failed, will retry. Error: Error while trying to connect to local router at address 'http://localhost:8046/access': Get "http://localhost:8046/access/api/v1/system/ping": dial tcp 127.0.0.1:8046: connect: connection refused [access_client]
2021-03-08T20:15:11.987Z [jfmd ] [INFO ] [386dcfdd32c726ba] [accessclient.go:57            ] [main                ] - Cluster join: Retry 10: Service registry ping failed, will retry. Error: Error while trying to connect to local router at address 'http://localhost:8046/access': Get "http://localhost:8046/access/api/v1/system/ping": dial tcp 127.0.0.1:8046: connect: connection refused [access_client]
2021-03-08T20:15:17.160Z [jfmd ] [INFO ] [386dcfdd32c726ba] [accessclient.go:57            ] [main                ] - Cluster join: Retry 15: Service registry ping failed, will retry. Error: Error while trying to connect to local router at address 'http://localhost:8046/access': Get "http://localhost:8046/access/api/v1/system/ping": dial tcp 127.0.0.1:8046: connect: connection refused [access_client]
2021-03-08T20:15:22.293Z [jfmd ] [INFO ] [386dcfdd32c726ba] [accessclient.go:57            ] [main                ] - Cluster join: Retry 20: Service registry ping failed, will retry. Error: Error while trying to connect to local router at address 'http://localhost:8046/access': Get "http://localhost:8046/access/api/v1/system/ping": dial tcp 127.0.0.1:8046: connect: connection refused [access_client]
2021-03-08T20:15:27.563Z [jfmd ] [INFO ] [386dcfdd32c726ba] [accessclient.go:57            ] [main                ] - Cluster join: Retry 25: Service registry ping failed, will retry. Error: Error while trying to connect to local router at address 'http://localhost:8046/access': Get "http://localhost:8046/access/api/v1/system/ping": dial tcp 127.0.0.1:8046: connect: connection refused [access_client]
2021-03-08T20:15:32.638Z [jfmd ] [INFO ] [386dcfdd32c726ba] [accessclient.go:57            ] [main                ] - Cluster join: Retry 30: Service registry ping failed, will retry. Error: Error while trying to connect to local router at address 'http://localhost:8046/access': Get "http://localhost:8046/access/api/v1/system/ping": dial tcp 127.0.0.1:8046: connect: connection refused [access_client]
2021-03-08T20:15:36.794Z [jfmd ] [INFO ] [386dcfdd32c726ba] [accessclient.go:57            ] [main                ] - Cluster join: Successfully joined the cluster [access_client]
2021-03-08T20:15:36.795Z [jfmd ] [INFO ] [386dcfdd32c726ba] [accessclient.go:57            ] [main                ] - Cluster join: executing Router register at: localhost:8046 for service id jfmd@01ez5bybevrrz7agatfechpkze [access_client]
2021-03-08T20:15:36.870Z [jfmd ] [INFO ] [386dcfdd32c726ba] [async_converter.go:198        ] [main                ] - Starting async converter routine [async_converter] [workerNumber][1]
2021-03-08T20:15:36.877Z [jfmd ] [INFO ] [386dcfdd32c726ba] [router_middlewares.go:55      ] [main                ] - 
Metadata Info
========================

Logging.Request.Rotation.MaxFiles                    | 10
Database.Type                                        | 1
Profiling.Enabled                                    | false
Logging.Application.Rotation.Compress                | true
Logging.Application.Rotation.MaxAgeDays              | 365
Logging.Application.Rotation.IntervalSeconds         | 0
Logging.Request.Rotation.MaxAgeDays                  | 365
AccessClient.JoinTimeout                             | 3m0s
Logging.Application.Level                            | info
Logging.Application.Rotation.MaxSizeMb               | 25
Shared.NewRelic.AppName                              | 
Shared.NewRelic.EnableDebugLog                       | false
Logging.Application.FilePath                         | metadata-service.log
Logging.Request.FilePath                             | metadata-request.log
Keys.ReadAttempts                                    | 120
Keys.ReadIntervalDuration                            | 1s
Port                                                 | 8086
Shared.NewRelic.Enabled                              | false
Logging.Request.Rotation.MaxSizeMb                   | 25
Logging.Request.Rotation.Compress                    | true
Logging.Request.Rotation.IntervalSeconds             | 0
AccessClient.Url                                     | http://localhost:8081/access
Shared.NewRelic.DistributedTracerEnabled             | true
Logging.Application.Rotation.MaxFiles                | 10

2021-03-08T20:15:36.877Z [jfmd ] [INFO ] [386dcfdd32c726ba] [router_middlewares.go:56      ] [main                ] - Metadata (jfmd) service initialization completed in 34.104 seconds. Listening on port: 8086 [router]
2021-03-08T20:16:42.267Z [jfmd ] [ERROR] [386dcfdd32c726ba] [compatibility_logger.go:28    ] [main                ] - Refreshing permissions cache invalidation gRPC stream - got an error (status code: Internal) - resubscribe expected [access_client]
2021-03-08T20:16:42.268Z [jfmd ] [ERROR] [386dcfdd32c726ba] [compatibility_logger.go:28    ] [main                ] - Refreshing project change events gRPC stream - got an error (status code: Internal) - resubscribe expected [access_client]
2021-03-08T20:16:42.281Z [jfmd ] [ERROR] [386dcfdd32c726ba] [compatibility_logger.go:28    ] [main                ] - Refreshing permissions cache invalidation gRPC stream - got an error (status code: Unimplemented) - resubscribe expected [access_client]
2021-03-08T20:16:42.281Z [jfmd ] [ERROR] [386dcfdd32c726ba] [compatibility_logger.go:28    ] [main                ] - Refreshing project change events gRPC stream - got an error (status code: Unimplemented) - resubscribe expected [access_client]
2021-03-08T20:16:42.295Z [jfmd ] [ERROR] [386dcfdd32c726ba] [compatibility_logger.go:28    ] [main                ] - Refreshing permissions cache invalidation gRPC stream - got an error (status code: Unimplemented) - resubscribe expected [access_client]
2021-03-08T20:16:42.295Z [jfmd ] [ERROR] [386dcfdd32c726ba] [compatibility_logger.go:28    ] [main                ] - Refreshing project change events gRPC stream - got an error (status code: Unimplemented) - resubscribe expected [access_client]
2021-03-08T20:16:42.327Z [jfmd ] [ERROR] [386dcfdd32c726ba] [compatibility_logger.go:28    ] [main                ] - Refreshing permissions cache invalidation gRPC stream - got an error (status code: Unimplemented) - resubscribe expected [access_client]
2021-03-08T20:16:42.326Z [jfmd ] [ERROR] [386dcfdd32c726ba] [compatibility_logger.go:28    ] [main                ] - Refreshing project change events gRPC stream - got an error (status code: Unimplemented) - resubscribe expected [access_client]
2021-03-08T20:16:42.369Z [jfmd ] [ERROR] [386dcfdd32c726ba] [compatibility_logger.go:28    ] [main                ] - Refreshing permissions cache invalidation gRPC stream - got an error (status code: Unimplemented) - resubscribe expected [access_client]
2021-03-08T20:16:42.378Z [jfmd ] [ERROR] [386dcfdd32c726ba] [compatibility_logger.go:28    ] [main                ] - Refreshing project change events gRPC stream - got an error (status code: Unimplemented) - resubscribe expected [access_client]
2021-03-08T20:16:42.457Z [jfmd ] [ERROR] [386dcfdd32c726ba] [compatibility_logger.go:28    ] [main                ] - Refreshing permissions cache invalidation gRPC stream - got an error (status code: Unimplemented) - resubscribe expected [access_client]
2021-03-08T20:16:42.461Z [jfmd ] [ERROR] [386dcfdd32c726ba] [compatibility_logger.go:28    ] [main                ] - Refreshing project change events gRPC stream - got an error (status code: Unimplemented) - resubscribe expected [access_client]
2021-03-08T20:16:42.631Z [jfmd ] [ERROR] [386dcfdd32c726ba] [compatibility_logger.go:28    ] [main                ] - Refreshing permissions cache invalidation gRPC stream - got an error (status code: Unimplemented) - resubscribe expected [access_client]
2021-03-08T20:16:42.636Z [jfmd ] [ERROR] [386dcfdd32c726ba] [compatibility_logger.go:28    ] [main                ] - Refreshing project change events gRPC stream - got an error (status code: Unimplemented) - resubscribe expected [access_client]
2021-03-08T20:16:42.961Z [jfmd ] [ERROR] [386dcfdd32c726ba] [compatibility_logger.go:28    ] [main                ] - Refreshing permissions cache invalidation gRPC stream - got an error (status code: Unimplemented) - resubscribe expected [access_client]
2021-03-08T20:16:42.968Z [jfmd ] [ERROR] [386dcfdd32c726ba] [compatibility_logger.go:28    ] [main                ] - Refreshing project change events gRPC stream - got an error (status code: Unimplemented) - resubscribe expected [access_client]
2021-03-08T20:16:43.607Z [jfmd ] [ERROR] [386dcfdd32c726ba] [compatibility_logger.go:28    ] [main                ] - Refreshing permissions cache invalidation gRPC stream - got an error (status code: Unimplemented) - resubscribe expected [access_client]
2021-03-08T20:16:43.613Z [jfmd ] [ERROR] [386dcfdd32c726ba] [compatibility_logger.go:28    ] [main                ] - Refreshing project change events gRPC stream - got an error (status code: Unimplemented) - resubscribe expected [access_client]
2021-03-08T20:16:44.895Z [jfmd ] [ERROR] [386dcfdd32c726ba] [compatibility_logger.go:28    ] [main                ] - Refreshing permissions cache invalidation gRPC stream - got an error (status code: Unimplemented) - resubscribe expected [access_client]
2021-03-08T20:16:44.911Z [jfmd ] [ERROR] [386dcfdd32c726ba] [compatibility_logger.go:28    ] [main                ] - Refreshing project change events gRPC stream - got an error (status code: Unimplemented) - resubscribe expected [access_client]
2021-03-08T20:17:21.878Z [jfmd ] [INFO ] [490ea5b0b0d9687a] [database_bearer.go:101        ] [main                ] - Connecting to (db config: {sqlite /opt/jfrog/artifactory/var/data/metadata/sqlite.db?_fk=yes&_busy_timeout=5000&_txlock=immediate&cache=shared}) [database]
2021-03-08T20:17:21.917Z [jfmd ] [INFO ] [490ea5b0b0d9687a] [migrator.go:60                ] [main                ] - Applying 43 migrations files [database]
2021-03-08T20:17:22.447Z [jfmd ] [INFO ] [490ea5b0b0d9687a] [application.go:68             ] [main                ] - Metadata (jfmd) service initialization started. Version: v7.15.2 Revision: c8ae57f7cbb PID: 3053 Home: /opt/jfrog/artifactory/var [app_initializer]
2021-03-08T20:17:22.456Z [jfmd ] [INFO ] [490ea5b0b0d9687a] [server_bearer.go:156          ] [main                ] - Got service_id from datastore: jfmd@01ez5bybevrrz7agatfechpkze [ServerInit]
2021-03-08T20:17:26.578Z [jfmd ] [INFO ] [490ea5b0b0d9687a] [accessclient.go:57            ] [main                ] - Cluster join: Retry 5: Service registry ping failed, will retry. Error: Error while trying to connect to local router at address 'http://localhost:8046/access': Get "http://localhost:8046/access/api/v1/system/ping": dial tcp 127.0.0.1:8046: connect: connection refused [access_client]
2021-03-08T20:17:31.662Z [jfmd ] [INFO ] [490ea5b0b0d9687a] [accessclient.go:57            ] [main                ] - Cluster join: Retry 10: Service registry ping failed, will retry. Error: Error while trying to connect to local router at address 'http://localhost:8046/access': Get "http://localhost:8046/access/api/v1/system/ping": dial tcp 127.0.0.1:8046: connect: connection refused [access_client]
2021-03-08T20:17:36.826Z [jfmd ] [INFO ] [490ea5b0b0d9687a] [accessclient.go:57            ] [main                ] - Cluster join: Retry 15: Service registry ping failed, will retry. Error: Error while trying to connect to local router at address 'http://localhost:8046/access': Get "http://localhost:8046/access/api/v1/system/ping": dial tcp 127.0.0.1:8046: connect: connection refused [access_client]
2021-03-08T20:17:41.903Z [jfmd ] [INFO ] [490ea5b0b0d9687a] [accessclient.go:57            ] [main                ] - Cluster join: Retry 20: Service registry ping failed, will retry. Error: Error while trying to connect to local router at address 'http://localhost:8046/access': Get "http://localhost:8046/access/api/v1/system/ping": dial tcp 127.0.0.1:8046: connect: connection refused [access_client]
2021-03-08T20:17:47.066Z [jfmd ] [INFO ] [490ea5b0b0d9687a] [accessclient.go:57            ] [main                ] - Cluster join: Retry 25: Service registry ping failed, will retry. Error: Error while trying to connect to local router at address 'http://localhost:8046/access': Get "http://localhost:8046/access/api/v1/system/ping": dial tcp 127.0.0.1:8046: connect: connection refused [access_client]
2021-03-08T20:17:52.317Z [jfmd ] [INFO ] [490ea5b0b0d9687a] [accessclient.go:57            ] [main                ] - Cluster join: Retry 30: Service registry ping failed, will retry. Error: Error while trying to connect to local router at address 'http://localhost:8046/access': Get "http://localhost:8046/access/api/v1/system/ping": dial tcp 127.0.0.1:8046: connect: connection refused [access_client]
2021-03-08T20:17:57.342Z [jfmd ] [INFO ] [490ea5b0b0d9687a] [accessclient.go:57            ] [main                ] - Cluster join: Retry 35: Service registry ping failed, will retry. Error: Error while trying to connect to local router at address 'http://localhost:8046/access': Get "http://localhost:8046/access/api/v1/system/ping": dial tcp 127.0.0.1:8046: connect: connection refused [access_client]
2021-03-08T20:18:02.621Z [jfmd ] [INFO ] [490ea5b0b0d9687a] [accessclient.go:57            ] [main                ] - Cluster join: Retry 40: Service registry ping failed, will retry. Error: Error while trying to connect to local router at address 'http://localhost:8046/access': Get "http://localhost:8046/access/api/v1/system/ping": dial tcp 127.0.0.1:8046: connect: connection refused [access_client]
2021-03-08T20:18:07.651Z [jfmd ] [INFO ] [490ea5b0b0d9687a] [accessclient.go:57            ] [main                ] - Cluster join: Retry 45: Service registry ping failed, will retry. Error: Error while trying to connect to local router at address 'http://localhost:8046/access': Get "http://localhost:8046/access/api/v1/system/ping": dial tcp 127.0.0.1:8046: connect: connection refused [access_client]
2021-03-08T20:18:12.678Z [jfmd ] [INFO ] [490ea5b0b0d9687a] [accessclient.go:57            ] [main                ] - Cluster join: Retry 50: Service registry ping failed, will retry. Error: Error while trying to connect to local router at address 'http://localhost:8046/access': Failed to access :http://localhost:8046/access/api/v1/system/ping return status code : 404 [access_client]
2021-03-08T20:18:13.932Z [jfmd ] [INFO ] [490ea5b0b0d9687a] [accessclient.go:57            ] [main                ] - Cluster join: Successfully joined the cluster [access_client]
2021-03-08T20:18:13.934Z [jfmd ] [INFO ] [490ea5b0b0d9687a] [accessclient.go:57            ] [main                ] - Cluster join: executing Router register at: localhost:8046 for service id jfmd@01ez5bybevrrz7agatfechpkze [access_client]
2021-03-08T20:18:14.001Z [jfmd ] [INFO ] [490ea5b0b0d9687a] [async_converter.go:198        ] [main                ] - Starting async converter routine [async_converter] [workerNumber][1]
2021-03-08T20:18:14.000Z [jfmd ] [INFO ] [490ea5b0b0d9687a] [router_middlewares.go:55      ] [main                ] - 
Metadata Info
========================

Shared.NewRelic.DistributedTracerEnabled             | true
Logging.Request.Rotation.MaxFiles                    | 10
Logging.Request.Rotation.Compress                    | true
Database.Type                                        | 1
Profiling.Enabled                                    | false
Shared.NewRelic.EnableDebugLog                       | false
Logging.Request.Rotation.MaxAgeDays                  | 365
Keys.ReadAttempts                                    | 120
AccessClient.Url                                     | http://localhost:8081/access
Shared.NewRelic.Enabled                              | false
Shared.NewRelic.AppName                              | 
Logging.Application.Level                            | info
Logging.Application.Rotation.MaxSizeMb               | 25
Logging.Request.Rotation.MaxSizeMb                   | 25
Logging.Application.Rotation.IntervalSeconds         | 0
Logging.Request.FilePath                             | metadata-request.log
Logging.Request.Rotation.IntervalSeconds             | 0
Port                                                 | 8086
Logging.Application.FilePath                         | metadata-service.log
Logging.Application.Rotation.MaxFiles                | 10
Logging.Application.Rotation.MaxAgeDays              | 365
Logging.Application.Rotation.Compress                | true
AccessClient.JoinTimeout                             | 3m0s
Keys.ReadIntervalDuration                            | 1s

2021-03-08T20:18:14.002Z [jfmd ] [INFO ] [490ea5b0b0d9687a] [router_middlewares.go:56      ] [main                ] - Metadata (jfmd) service initialization completed in 51.546 seconds. Listening on port: 8086 [router]
2021-03-10T15:01:37.481Z [jfmd ] [INFO ] [7e6521bc3ccfdca3] [database_bearer.go:101        ] [main                ] - Connecting to (db config: {sqlite /opt/jfrog/artifactory/var/data/metadata/sqlite.db?_fk=yes&_busy_timeout=5000&_txlock=immediate&cache=shared}) [database]
2021-03-10T15:01:38.299Z [jfmd ] [INFO ] [7e6521bc3ccfdca3] [migrator.go:60                ] [main                ] - Applying 43 migrations files [database]
2021-03-10T15:01:38.331Z [jfmd ] [INFO ] [7e6521bc3ccfdca3] [application.go:68             ] [main                ] - Metadata (jfmd) service initialization started. Version: v7.15.2 Revision: c8ae57f7cbb PID: 3069 Home: /opt/jfrog/artifactory/var [app_initializer]
2021-03-10T15:01:38.485Z [jfmd ] [INFO ] [7e6521bc3ccfdca3] [server_bearer.go:156          ] [main                ] - Got service_id from datastore: jfmd@01ez5bybevrrz7agatfechpkze [ServerInit]
2021-03-10T15:01:42.787Z [jfmd ] [INFO ] [7e6521bc3ccfdca3] [accessclient.go:57            ] [main                ] - Cluster join: Retry 5: Service registry ping failed, will retry. Error: Error while trying to connect to local router at address 'http://localhost:8046/access': Get "http://localhost:8046/access/api/v1/system/ping": dial tcp 127.0.0.1:8046: connect: connection refused [access_client]
2021-03-10T15:01:47.826Z [jfmd ] [INFO ] [7e6521bc3ccfdca3] [accessclient.go:57            ] [main                ] - Cluster join: Retry 10: Service registry ping failed, will retry. Error: Error while trying to connect to local router at address 'http://localhost:8046/access': Get "http://localhost:8046/access/api/v1/system/ping": dial tcp 127.0.0.1:8046: connect: connection refused [access_client]
2021-03-10T15:01:52.852Z [jfmd ] [INFO ] [7e6521bc3ccfdca3] [accessclient.go:57            ] [main                ] - Cluster join: Retry 15: Service registry ping failed, will retry. Error: Error while trying to connect to local router at address 'http://localhost:8046/access': Get "http://localhost:8046/access/api/v1/system/ping": dial tcp 127.0.0.1:8046: connect: connection refused [access_client]
2021-03-10T15:01:57.863Z [jfmd ] [INFO ] [7e6521bc3ccfdca3] [accessclient.go:57            ] [main                ] - Cluster join: Retry 20: Service registry ping failed, will retry. Error: Error while trying to connect to local router at address 'http://localhost:8046/access': Get "http://localhost:8046/access/api/v1/system/ping": dial tcp 127.0.0.1:8046: connect: connection refused [access_client]
2021-03-10T15:02:02.936Z [jfmd ] [INFO ] [7e6521bc3ccfdca3] [accessclient.go:57            ] [main                ] - Cluster join: Retry 25: Service registry ping failed, will retry. Error: Error while trying to connect to local router at address 'http://localhost:8046/access': Get "http://localhost:8046/access/api/v1/system/ping": dial tcp 127.0.0.1:8046: connect: connection refused [access_client]
2021-03-10T15:02:07.973Z [jfmd ] [INFO ] [7e6521bc3ccfdca3] [accessclient.go:57            ] [main                ] - Cluster join: Retry 30: Service registry ping failed, will retry. Error: Error while trying to connect to local router at address 'http://localhost:8046/access': Get "http://localhost:8046/access/api/v1/system/ping": dial tcp 127.0.0.1:8046: connect: connection refused [access_client]
2021-03-10T15:02:13.008Z [jfmd ] [INFO ] [7e6521bc3ccfdca3] [accessclient.go:57            ] [main                ] - Cluster join: Retry 35: Service registry ping failed, will retry. Error: Error while trying to connect to local router at address 'http://localhost:8046/access': Get "http://localhost:8046/access/api/v1/system/ping": dial tcp 127.0.0.1:8046: connect: connection refused [access_client]
2021-03-10T15:02:18.034Z [jfmd ] [INFO ] [7e6521bc3ccfdca3] [accessclient.go:57            ] [main                ] - Cluster join: Retry 40: Service registry ping failed, will retry. Error: Error while trying to connect to local router at address 'http://localhost:8046/access': Get "http://localhost:8046/access/api/v1/system/ping": dial tcp 127.0.0.1:8046: connect: connection refused [access_client]
2021-03-10T15:02:23.053Z [jfmd ] [INFO ] [7e6521bc3ccfdca3] [accessclient.go:57            ] [main                ] - Cluster join: Retry 45: Service registry ping failed, will retry. Error: Error while trying to connect to local router at address 'http://localhost:8046/access': Get "http://localhost:8046/access/api/v1/system/ping": dial tcp 127.0.0.1:8046: connect: connection refused [access_client]
2021-03-10T15:02:28.074Z [jfmd ] [INFO ] [7e6521bc3ccfdca3] [accessclient.go:57            ] [main                ] - Cluster join: Retry 50: Service registry ping failed, will retry. Error: Error while trying to connect to local router at address 'http://localhost:8046/access': Get "http://localhost:8046/access/api/v1/system/ping": dial tcp 127.0.0.1:8046: connect: connection refused [access_client]
2021-03-10T15:02:33.120Z [jfmd ] [INFO ] [7e6521bc3ccfdca3] [accessclient.go:57            ] [main                ] - Cluster join: Retry 55: Service registry ping failed, will retry. Error: Error while trying to connect to local router at address 'http://localhost:8046/access': Get "http://localhost:8046/access/api/v1/system/ping": dial tcp 127.0.0.1:8046: connect: connection refused [access_client]
2021-03-10T15:02:38.185Z [jfmd ] [INFO ] [7e6521bc3ccfdca3] [accessclient.go:57            ] [main                ] - Cluster join: Retry 60: Service registry ping failed, will retry. Error: Error while trying to connect to local router at address 'http://localhost:8046/access': Get "http://localhost:8046/access/api/v1/system/ping": dial tcp 127.0.0.1:8046: connect: connection refused [access_client]
2021-03-10T15:02:43.208Z [jfmd ] [INFO ] [7e6521bc3ccfdca3] [accessclient.go:57            ] [main                ] - Cluster join: Retry 65: Service registry ping failed, will retry. Error: Error while trying to connect to local router at address 'http://localhost:8046/access': Get "http://localhost:8046/access/api/v1/system/ping": dial tcp 127.0.0.1:8046: connect: connection refused [access_client]
2021-03-10T15:02:48.228Z [jfmd ] [INFO ] [7e6521bc3ccfdca3] [accessclient.go:57            ] [main                ] - Cluster join: Retry 70: Service registry ping failed, will retry. Error: Error while trying to connect to local router at address 'http://localhost:8046/access': Get "http://localhost:8046/access/api/v1/system/ping": dial tcp 127.0.0.1:8046: connect: connection refused [access_client]
2021-03-10T15:02:53.496Z [jfmd ] [INFO ] [7e6521bc3ccfdca3] [accessclient.go:57            ] [main                ] - Cluster join: Retry 75: Service registry ping failed, will retry. Error: Error while trying to connect to local router at address 'http://localhost:8046/access': Get "http://localhost:8046/access/api/v1/system/ping": dial tcp 127.0.0.1:8046: connect: connection refused [access_client]
2021-03-10T15:02:58.787Z [jfmd ] [INFO ] [7e6521bc3ccfdca3] [accessclient.go:57            ] [main                ] - Cluster join: Retry 80: Service registry ping failed, will retry. Error: Error while trying to connect to local router at address 'http://localhost:8046/access': Get "http://localhost:8046/access/api/v1/system/ping": dial tcp 127.0.0.1:8046: connect: connection refused [access_client]
2021-03-10T15:03:04.030Z [jfmd ] [INFO ] [7e6521bc3ccfdca3] [accessclient.go:57            ] [main                ] - Cluster join: Retry 85: Service registry ping failed, will retry. Error: Error while trying to connect to local router at address 'http://localhost:8046/access': Get "http://localhost:8046/access/api/v1/system/ping": dial tcp 127.0.0.1:8046: connect: connection refused [access_client]
2021-03-10T15:03:09.160Z [jfmd ] [INFO ] [7e6521bc3ccfdca3] [accessclient.go:57            ] [main                ] - Cluster join: Retry 90: Service registry ping failed, will retry. Error: Error while trying to connect to local router at address 'http://localhost:8046/access': Get "http://localhost:8046/access/api/v1/system/ping": dial tcp 127.0.0.1:8046: connect: connection refused [access_client]
2021-03-10T15:03:14.211Z [jfmd ] [INFO ] [7e6521bc3ccfdca3] [accessclient.go:57            ] [main                ] - Cluster join: Retry 95: Service registry ping failed, will retry. Error: Error while trying to connect to local router at address 'http://localhost:8046/access': Get "http://localhost:8046/access/api/v1/system/ping": dial tcp 127.0.0.1:8046: connect: connection refused [access_client]
2021-03-10T15:03:19.420Z [jfmd ] [INFO ] [7e6521bc3ccfdca3] [accessclient.go:57            ] [main                ] - Cluster join: Retry 100: Service registry ping failed, will retry. Error: Error while trying to connect to local router at address 'http://localhost:8046/access': Get "http://localhost:8046/access/api/v1/system/ping": dial tcp 127.0.0.1:8046: connect: connection refused [access_client]
2021-03-10T15:03:24.453Z [jfmd ] [INFO ] [7e6521bc3ccfdca3] [accessclient.go:57            ] [main                ] - Cluster join: Retry 105: Service registry ping failed, will retry. Error: Error while trying to connect to local router at address 'http://localhost:8046/access': Failed to access :http://localhost:8046/access/api/v1/system/ping return status code : 404 [access_client]
2021-03-10T15:03:29.544Z [jfmd ] [INFO ] [7e6521bc3ccfdca3] [accessclient.go:57            ] [main                ] - Cluster join: Retry 110: Service registry ping failed, will retry. Error: Error while trying to connect to local router at address 'http://localhost:8046/access': Failed to access :http://localhost:8046/access/api/v1/system/ping return status code : 404 [access_client]
2021-03-10T15:03:31.709Z [jfmd ] [INFO ] [7e6521bc3ccfdca3] [accessclient.go:57            ] [main                ] - Cluster join: Successfully joined the cluster [access_client]
2021-03-10T15:03:31.710Z [jfmd ] [INFO ] [7e6521bc3ccfdca3] [accessclient.go:57            ] [main                ] - Cluster join: executing Router register at: localhost:8046 for service id jfmd@01ez5bybevrrz7agatfechpkze [access_client]
2021-03-10T15:03:31.781Z [jfmd ] [INFO ] [7e6521bc3ccfdca3] [async_converter.go:198        ] [main                ] - Starting async converter routine [async_converter] [workerNumber][1]
2021-03-10T15:03:31.781Z [jfmd ] [INFO ] [7e6521bc3ccfdca3] [router_middlewares.go:55      ] [main                ] - 
Metadata Info
========================

Port                                                 | 8086
Shared.NewRelic.Enabled                              | false
Logging.Application.FilePath                         | metadata-service.log
Logging.Application.Rotation.MaxFiles                | 10
Database.Type                                        | 1
Keys.ReadIntervalDuration                            | 1s
Logging.Request.Rotation.IntervalSeconds             | 0
AccessClient.JoinTimeout                             | 3m0s
Shared.NewRelic.AppName                              | 
Shared.NewRelic.EnableDebugLog                       | false
Logging.Application.Rotation.MaxSizeMb               | 25
Logging.Application.Rotation.MaxAgeDays              | 365
Logging.Request.Rotation.MaxSizeMb                   | 25
Logging.Request.Rotation.Compress                    | true
Keys.ReadAttempts                                    | 120
Logging.Application.Level                            | info
Logging.Request.Rotation.MaxFiles                    | 10
Logging.Request.Rotation.MaxAgeDays                  | 365
AccessClient.Url                                     | http://localhost:8081/access
Profiling.Enabled                                    | false
Shared.NewRelic.DistributedTracerEnabled             | true
Logging.Application.Rotation.Compress                | true
Logging.Application.Rotation.IntervalSeconds         | 0
Logging.Request.FilePath                             | metadata-request.log

2021-03-10T15:03:31.781Z [jfmd ] [INFO ] [7e6521bc3ccfdca3] [router_middlewares.go:56      ] [main                ] - Metadata (jfmd) service initialization completed in 113.450 seconds. Listening on port: 8086 [router]
2021-03-10T15:10:27.522Z [jfmd ] [ERROR] [7e6521bc3ccfdca3] [compatibility_logger.go:28    ] [main                ] - Refreshing project change events gRPC stream - got an error (status code: Internal) - resubscribe expected [access_client]
2021-03-10T15:10:27.522Z [jfmd ] [ERROR] [7e6521bc3ccfdca3] [compatibility_logger.go:28    ] [main                ] - Refreshing permissions cache invalidation gRPC stream - got an error (status code: Internal) - resubscribe expected [access_client]
2021-03-10T15:10:27.525Z [jfmd ] [ERROR] [7e6521bc3ccfdca3] [compatibility_logger.go:28    ] [main                ] - Refreshing permissions cache invalidation gRPC stream - got an error (status code: Unimplemented) - resubscribe expected [access_client]
2021-03-10T15:10:27.525Z [jfmd ] [ERROR] [7e6521bc3ccfdca3] [compatibility_logger.go:28    ] [main                ] - Refreshing project change events gRPC stream - got an error (status code: Unimplemented) - resubscribe expected [access_client]
2021-03-10T15:10:27.545Z [jfmd ] [ERROR] [7e6521bc3ccfdca3] [compatibility_logger.go:28    ] [main                ] - Refreshing permissions cache invalidation gRPC stream - got an error (status code: Unimplemented) - resubscribe expected [access_client]
2021-03-10T15:10:27.547Z [jfmd ] [ERROR] [7e6521bc3ccfdca3] [compatibility_logger.go:28    ] [main                ] - Refreshing project change events gRPC stream - got an error (status code: Unimplemented) - resubscribe expected [access_client]
2021-03-10T15:10:27.568Z [jfmd ] [ERROR] [7e6521bc3ccfdca3] [compatibility_logger.go:28    ] [main                ] - Refreshing permissions cache invalidation gRPC stream - got an error (status code: Unimplemented) - resubscribe expected [access_client]
2021-03-10T15:10:27.571Z [jfmd ] [ERROR] [7e6521bc3ccfdca3] [compatibility_logger.go:28    ] [main                ] - Refreshing project change events gRPC stream - got an error (status code: Unimplemented) - resubscribe expected [access_client]
2021-03-10T15:10:27.611Z [jfmd ] [ERROR] [7e6521bc3ccfdca3] [compatibility_logger.go:28    ] [main                ] - Refreshing permissions cache invalidation gRPC stream - got an error (status code: Unimplemented) - resubscribe expected [access_client]
2021-03-10T15:10:27.614Z [jfmd ] [ERROR] [7e6521bc3ccfdca3] [compatibility_logger.go:28    ] [main                ] - Refreshing project change events gRPC stream - got an error (status code: Unimplemented) - resubscribe expected [access_client]
2021-03-10T15:10:27.693Z [jfmd ] [ERROR] [7e6521bc3ccfdca3] [compatibility_logger.go:28    ] [main                ] - Refreshing permissions cache invalidation gRPC stream - got an error (status code: Unimplemented) - resubscribe expected [access_client]
2021-03-10T15:10:27.695Z [jfmd ] [ERROR] [7e6521bc3ccfdca3] [compatibility_logger.go:28    ] [main                ] - Refreshing project change events gRPC stream - got an error (status code: Unimplemented) - resubscribe expected [access_client]
2021-03-10T15:10:27.855Z [jfmd ] [ERROR] [7e6521bc3ccfdca3] [compatibility_logger.go:28    ] [main                ] - Refreshing permissions cache invalidation gRPC stream - got an error (status code: Unimplemented) - resubscribe expected [access_client]
2021-03-10T15:10:27.858Z [jfmd ] [ERROR] [7e6521bc3ccfdca3] [compatibility_logger.go:28    ] [main                ] - Refreshing project change events gRPC stream - got an error (status code: Unimplemented) - resubscribe expected [access_client]
2021-03-10T15:10:28.177Z [jfmd ] [ERROR] [7e6521bc3ccfdca3] [compatibility_logger.go:28    ] [main                ] - Refreshing permissions cache invalidation gRPC stream - got an error (status code: Unimplemented) - resubscribe expected [access_client]
2021-03-10T15:10:28.180Z [jfmd ] [ERROR] [7e6521bc3ccfdca3] [compatibility_logger.go:28    ] [main                ] - Refreshing project change events gRPC stream - got an error (status code: Unimplemented) - resubscribe expected [access_client]
2021-03-10T15:10:28.819Z [jfmd ] [ERROR] [7e6521bc3ccfdca3] [compatibility_logger.go:28    ] [main                ] - Refreshing permissions cache invalidation gRPC stream - got an error (status code: Unimplemented) - resubscribe expected [access_client]
2021-03-10T15:10:28.822Z [jfmd ] [ERROR] [7e6521bc3ccfdca3] [compatibility_logger.go:28    ] [main                ] - Refreshing project change events gRPC stream - got an error (status code: Unimplemented) - resubscribe expected [access_client]
2021-03-10T15:10:30.109Z [jfmd ] [ERROR] [7e6521bc3ccfdca3] [compatibility_logger.go:28    ] [main                ] - Refreshing permissions cache invalidation gRPC stream - got an error (status code: Unimplemented) - resubscribe expected [access_client]
2021-03-10T15:10:30.109Z [jfmd ] [ERROR] [7e6521bc3ccfdca3] [compatibility_logger.go:28    ] [main                ] - Refreshing project change events gRPC stream - got an error (status code: Unimplemented) - resubscribe expected [access_client]
